{"/home/travis/build/npmtest/node-npmtest-pmx/test.js":{"path":"/home/travis/build/npmtest/node-npmtest-pmx/test.js","s":{"1":2,"2":2,"3":2,"4":2,"5":2,"6":2,"7":2,"8":1,"9":2,"10":2,"11":1,"12":1,"13":1,"14":1,"15":2,"16":2,"17":2,"18":2,"19":1,"20":1,"21":2,"22":2,"23":2,"24":1,"25":1,"26":1,"27":1,"28":1,"29":1,"30":1,"31":1,"32":1,"33":1,"34":1,"35":1,"36":1,"37":1,"38":1,"39":2,"40":2,"41":1,"42":2,"43":2,"44":1,"45":2,"46":2,"47":1,"48":2,"49":2,"50":1,"51":1,"52":1,"53":1,"54":1},"b":{"1":[2,1,1,1],"2":[1,1,1,1],"3":[1,1],"4":[1,1],"5":[1,1],"6":[1,1],"7":[1,1],"8":[1,1],"9":[1,1],"10":[1,1,1],"11":[1,1],"12":[1,1],"13":[1,1],"14":[1,1],"15":[1,1],"16":[1,1],"17":[1,1]},"f":{"1":2,"2":2,"3":2,"4":2,"5":2,"6":1,"7":1,"8":1,"9":2,"10":2,"11":2,"12":2,"13":1},"fnMap":{"1":{"name":"(anonymous_1)","line":12,"loc":{"start":{"line":12,"column":1},"end":{"line":12,"column":13}}},"2":{"name":"(anonymous_2)","line":19,"loc":{"start":{"line":19,"column":5},"end":{"line":19,"column":17}}},"3":{"name":"(anonymous_3)","line":23,"loc":{"start":{"line":23,"column":24},"end":{"line":23,"column":36}}},"4":{"name":"(anonymous_4)","line":61,"loc":{"start":{"line":61,"column":5},"end":{"line":61,"column":17}}},"5":{"name":"(anonymous_5)","line":82,"loc":{"start":{"line":82,"column":5},"end":{"line":82,"column":17}}},"6":{"name":"(anonymous_6)","line":91,"loc":{"start":{"line":91,"column":77},"end":{"line":94,"column":10}}},"7":{"name":"(anonymous_7)","line":112,"loc":{"start":{"line":112,"column":83},"end":{"line":115,"column":10}},"skip":true},"8":{"name":"(anonymous_8)","line":123,"loc":{"start":{"line":123,"column":77},"end":{"line":126,"column":10}},"skip":true},"9":{"name":"(anonymous_9)","line":139,"loc":{"start":{"line":139,"column":12},"end":{"line":139,"column":40}},"skip":true},"10":{"name":"(anonymous_10)","line":147,"loc":{"start":{"line":147,"column":77},"end":{"line":150,"column":10}},"skip":true},"11":{"name":"(anonymous_11)","line":158,"loc":{"start":{"line":158,"column":83},"end":{"line":161,"column":10}},"skip":true},"12":{"name":"(anonymous_12)","line":169,"loc":{"start":{"line":169,"column":79},"end":{"line":172,"column":10}},"skip":true},"13":{"name":"(anonymous_13)","line":180,"loc":{"start":{"line":180,"column":75},"end":{"line":183,"column":10}},"skip":true}},"statementMap":{"1":{"start":{"line":12,"column":0},"end":{"line":195,"column":5}},"2":{"start":{"line":14,"column":4},"end":{"line":14,"column":14}},"3":{"start":{"line":19,"column":4},"end":{"line":56,"column":9}},"4":{"start":{"line":21,"column":8},"end":{"line":21,"column":19}},"5":{"start":{"line":23,"column":8},"end":{"line":35,"column":13}},"6":{"start":{"line":24,"column":12},"end":{"line":34,"column":13}},"7":{"start":{"line":25,"column":16},"end":{"line":28,"column":30}},"8":{"start":{"line":30,"column":16},"end":{"line":33,"column":27}},"9":{"start":{"line":37,"column":8},"end":{"line":39,"column":21}},"10":{"start":{"line":40,"column":8},"end":{"line":53,"column":9}},"11":{"start":{"line":43,"column":12},"end":{"line":46,"column":14}},"12":{"start":{"line":47,"column":12},"end":{"line":47,"column":18}},"13":{"start":{"line":50,"column":12},"end":{"line":51,"column":33}},"14":{"start":{"line":52,"column":12},"end":{"line":52,"column":18}},"15":{"start":{"line":55,"column":8},"end":{"line":55,"column":35}},"16":{"start":{"line":61,"column":4},"end":{"line":63,"column":9}},"17":{"start":{"line":62,"column":8},"end":{"line":62,"column":15}},"18":{"start":{"line":64,"column":4},"end":{"line":77,"column":5}},"19":{"start":{"line":70,"column":8},"end":{"line":70,"column":14}},"20":{"start":{"line":76,"column":8},"end":{"line":76,"column":14}},"21":{"start":{"line":82,"column":4},"end":{"line":84,"column":9}},"22":{"start":{"line":83,"column":8},"end":{"line":83,"column":15}},"23":{"start":{"line":85,"column":4},"end":{"line":194,"column":5}},"24":{"start":{"line":91,"column":8},"end":{"line":99,"column":10}},"25":{"start":{"line":98,"column":12},"end":{"line":98,"column":35}},"26":{"start":{"line":102,"column":8},"end":{"line":104,"column":63}},"27":{"start":{"line":105,"column":8},"end":{"line":105,"column":14}},"28":{"start":{"line":112,"column":8},"end":{"line":121,"column":10},"skip":true},"29":{"start":{"line":119,"column":12},"end":{"line":119,"column":55},"skip":true},"30":{"start":{"line":120,"column":12},"end":{"line":120,"column":48},"skip":true},"31":{"start":{"line":123,"column":8},"end":{"line":136,"column":10},"skip":true},"32":{"start":{"line":130,"column":12},"end":{"line":130,"column":76},"skip":true},"33":{"start":{"line":131,"column":12},"end":{"line":131,"column":73},"skip":true},"34":{"start":{"line":132,"column":12},"end":{"line":132,"column":74},"skip":true},"35":{"start":{"line":133,"column":12},"end":{"line":133,"column":79},"skip":true},"36":{"start":{"line":134,"column":12},"end":{"line":134,"column":25},"skip":true},"37":{"start":{"line":135,"column":12},"end":{"line":135,"column":45},"skip":true},"38":{"start":{"line":138,"column":8},"end":{"line":145,"column":14},"skip":true},"39":{"start":{"line":143,"column":16},"end":{"line":143,"column":29},"skip":true},"40":{"start":{"line":144,"column":16},"end":{"line":144,"column":55},"skip":true},"41":{"start":{"line":147,"column":8},"end":{"line":156,"column":10},"skip":true},"42":{"start":{"line":154,"column":12},"end":{"line":154,"column":25},"skip":true},"43":{"start":{"line":155,"column":12},"end":{"line":155,"column":45},"skip":true},"44":{"start":{"line":158,"column":8},"end":{"line":167,"column":10},"skip":true},"45":{"start":{"line":165,"column":12},"end":{"line":165,"column":25},"skip":true},"46":{"start":{"line":166,"column":12},"end":{"line":166,"column":48},"skip":true},"47":{"start":{"line":169,"column":8},"end":{"line":178,"column":10},"skip":true},"48":{"start":{"line":176,"column":12},"end":{"line":176,"column":25},"skip":true},"49":{"start":{"line":177,"column":12},"end":{"line":177,"column":46},"skip":true},"50":{"start":{"line":180,"column":8},"end":{"line":189,"column":10},"skip":true},"51":{"start":{"line":187,"column":12},"end":{"line":187,"column":94},"skip":true},"52":{"start":{"line":188,"column":12},"end":{"line":188,"column":48},"skip":true},"53":{"start":{"line":192,"column":8},"end":{"line":192,"column":35},"skip":true},"54":{"start":{"line":193,"column":8},"end":{"line":193,"column":14},"skip":true}},"branchMap":{"1":{"line":25,"type":"binary-expr","locations":[{"start":{"line":25,"column":23},"end":{"line":25,"column":62}},{"start":{"line":26,"column":20},"end":{"line":26,"column":70}},{"start":{"line":27,"column":20},"end":{"line":27,"column":71}},{"start":{"line":28,"column":20},"end":{"line":28,"column":29}}]},"2":{"line":30,"type":"binary-expr","locations":[{"start":{"line":30,"column":23},"end":{"line":30,"column":37}},{"start":{"line":31,"column":20},"end":{"line":31,"column":61}},{"start":{"line":32,"column":20},"end":{"line":32,"column":70}},{"start":{"line":33,"column":20},"end":{"line":33,"column":26}}]},"3":{"line":37,"type":"cond-expr","locations":[{"start":{"line":38,"column":14},"end":{"line":38,"column":20}},{"start":{"line":39,"column":14},"end":{"line":39,"column":20}}]},"4":{"line":40,"type":"switch","locations":[{"start":{"line":42,"column":8},"end":{"line":47,"column":18}},{"start":{"line":49,"column":8},"end":{"line":52,"column":18}}]},"5":{"line":44,"type":"binary-expr","locations":[{"start":{"line":44,"column":16},"end":{"line":44,"column":44}},{"start":{"line":44,"column":48},"end":{"line":44,"column":66}}]},"6":{"line":50,"type":"binary-expr","locations":[{"start":{"line":50,"column":21},"end":{"line":50,"column":49}},{"start":{"line":50,"column":53},"end":{"line":50,"column":72}}]},"7":{"line":64,"type":"switch","locations":[{"start":{"line":69,"column":4},"end":{"line":70,"column":14}},{"start":{"line":75,"column":4},"end":{"line":76,"column":14}}]},"8":{"line":85,"type":"switch","locations":[{"start":{"line":90,"column":4},"end":{"line":105,"column":14}},{"start":{"line":111,"column":4},"end":{"line":193,"column":14},"skip":true}]},"9":{"line":91,"type":"binary-expr","locations":[{"start":{"line":91,"column":42},"end":{"line":91,"column":73}},{"start":{"line":91,"column":77},"end":{"line":99,"column":9}}]},"10":{"line":102,"type":"binary-expr","locations":[{"start":{"line":102,"column":18},"end":{"line":102,"column":32}},{"start":{"line":103,"column":12},"end":{"line":103,"column":53}},{"start":{"line":104,"column":12},"end":{"line":104,"column":61}}]},"11":{"line":112,"type":"binary-expr","locations":[{"start":{"line":112,"column":45},"end":{"line":112,"column":79},"skip":true},{"start":{"line":112,"column":83},"end":{"line":121,"column":9},"skip":true}]},"12":{"line":123,"type":"binary-expr","locations":[{"start":{"line":123,"column":42},"end":{"line":123,"column":73},"skip":true},{"start":{"line":123,"column":77},"end":{"line":136,"column":9},"skip":true}]},"13":{"line":138,"type":"binary-expr","locations":[{"start":{"line":138,"column":48},"end":{"line":138,"column":85},"skip":true},{"start":{"line":139,"column":12},"end":{"line":145,"column":13},"skip":true}]},"14":{"line":147,"type":"binary-expr","locations":[{"start":{"line":147,"column":42},"end":{"line":147,"column":73},"skip":true},{"start":{"line":147,"column":77},"end":{"line":156,"column":9},"skip":true}]},"15":{"line":158,"type":"binary-expr","locations":[{"start":{"line":158,"column":45},"end":{"line":158,"column":79},"skip":true},{"start":{"line":158,"column":83},"end":{"line":167,"column":9},"skip":true}]},"16":{"line":169,"type":"binary-expr","locations":[{"start":{"line":169,"column":43},"end":{"line":169,"column":75},"skip":true},{"start":{"line":169,"column":79},"end":{"line":178,"column":9},"skip":true}]},"17":{"line":180,"type":"binary-expr","locations":[{"start":{"line":180,"column":41},"end":{"line":180,"column":71},"skip":true},{"start":{"line":180,"column":75},"end":{"line":189,"column":9},"skip":true}]}},"code":["/* istanbul instrument in package npmtest_pmx */","/*jslint","    bitwise: true,","    browser: true,","    maxerr: 8,","    maxlen: 96,","    node: true,","    nomen: true,","    regexp: true,","    stupid: true","*/","(function () {","    'use strict';","    var local;","","","","    // run shared js-env code - pre-init","    (function () {","        // init local","        local = {};","        // init modeJs","        local.modeJs = (function () {","            try {","                return typeof navigator.userAgent === 'string' &&","                    typeof document.querySelector('body') === 'object' &&","                    typeof XMLHttpRequest.prototype.open === 'function' &&","                    'browser';","            } catch (errorCaughtBrowser) {","                return module.exports &&","                    typeof process.versions.node === 'string' &&","                    typeof require('http').createServer === 'function' &&","                    'node';","            }","        }());","        // init global","        local.global = local.modeJs === 'browser'","            ? window","            : global;","        switch (local.modeJs) {","        // re-init local from window.local","        case 'browser':","            local = local.global.utility2.objectSetDefault(","                local.global.utility2_rollup || local.global.local,","                local.global.utility2","            );","            break;","        // re-init local from example.js","        case 'node':","            local = (local.global.utility2_rollup || require('utility2'))","                .requireReadme();","            break;","        }","        // export local","        local.global.local = local;","    }());","","","","    // run shared js-env code - function","    (function () {","        return;","    }());","    switch (local.modeJs) {","","","","    // run browser js-env code - function","    case 'browser':","        break;","","","","    // run node js-env code - function","    case 'node':","        break;","    }","","","","    // run shared js-env code - post-init","    (function () {","        return;","    }());","    switch (local.modeJs) {","","","","    // run browser js-env code - post-init","    case 'browser':","        local.testCase_browser_nullCase = local.testCase_browser_nullCase || function (","            options,","            onError","        ) {","        /*","         * this function will test browsers's null-case handling-behavior-behavior","         */","            onError(null, options);","        };","","        // run tests","        local.nop(local.modeTest &&","            document.querySelector('#testRunButton1') &&","            document.querySelector('#testRunButton1').click());","        break;","","","","    // run node js-env code - post-init","    /* istanbul ignore next */","    case 'node':","        local.testCase_buildApidoc_default = local.testCase_buildApidoc_default || function (","            options,","            onError","        ) {","        /*","         * this function will test buildApidoc's default handling-behavior-behavior","         */","            options = { modulePathList: module.paths };","            local.buildApidoc(options, onError);","        };","","        local.testCase_buildApp_default = local.testCase_buildApp_default || function (","            options,","            onError","        ) {","        /*","         * this function will test buildApp's default handling-behavior-behavior","         */","            local.testCase_buildReadme_default(options, local.onErrorThrow);","            local.testCase_buildLib_default(options, local.onErrorThrow);","            local.testCase_buildTest_default(options, local.onErrorThrow);","            local.testCase_buildCustomOrg_default(options, local.onErrorThrow);","            options = [];","            local.buildApp(options, onError);","        };","","        local.testCase_buildCustomOrg_default = local.testCase_buildCustomOrg_default ||","            function (options, onError) {","            /*","             * this function will test buildCustomOrg's default handling-behavior","             */","                options = {};","                local.buildCustomOrg(options, onError);","            };","","        local.testCase_buildLib_default = local.testCase_buildLib_default || function (","            options,","            onError","        ) {","        /*","         * this function will test buildLib's default handling-behavior","         */","            options = {};","            local.buildLib(options, onError);","        };","","        local.testCase_buildReadme_default = local.testCase_buildReadme_default || function (","            options,","            onError","        ) {","        /*","         * this function will test buildReadme's default handling-behavior-behavior","         */","            options = {};","            local.buildReadme(options, onError);","        };","","        local.testCase_buildTest_default = local.testCase_buildTest_default || function (","            options,","            onError","        ) {","        /*","         * this function will test buildTest's default handling-behavior","         */","            options = {};","            local.buildTest(options, onError);","        };","","        local.testCase_webpage_default = local.testCase_webpage_default || function (","            options,","            onError","        ) {","        /*","         * this function will test webpage's default handling-behavior","         */","            options = { modeCoverageMerge: true, url: local.serverLocalHost + '?modeTest=1' };","            local.browserTest(options, onError);","        };","","        // run test-server","        local.testRunServer(local);","        break;","    }","}());",""],"l":{"12":2,"14":2,"19":2,"21":2,"23":2,"24":2,"25":2,"30":1,"37":2,"40":2,"43":1,"47":1,"50":1,"52":1,"55":2,"61":2,"62":2,"64":2,"70":1,"76":1,"82":2,"83":2,"85":2,"91":1,"98":1,"102":1,"105":1,"112":1,"119":1,"120":1,"123":1,"130":1,"131":1,"132":1,"133":1,"134":1,"135":1,"138":1,"143":2,"144":2,"147":1,"154":2,"155":2,"158":1,"165":2,"166":2,"169":1,"176":2,"177":2,"180":1,"187":1,"188":1,"192":1,"193":1}},"/home/travis/build/npmtest/node-npmtest-pmx/lib.npmtest_pmx.js":{"path":"/home/travis/build/npmtest/node-npmtest-pmx/lib.npmtest_pmx.js","s":{"1":2,"2":2,"3":2,"4":2,"5":2,"6":2,"7":2,"8":1,"9":2,"10":2,"11":2,"12":2,"13":1,"14":1,"15":1,"16":1},"b":{"1":[2,1,1,1],"2":[1,1,1,1],"3":[1,1],"4":[2,2],"5":[1,1]},"f":{"1":2,"2":2,"3":2},"fnMap":{"1":{"name":"(anonymous_1)","line":12,"loc":{"start":{"line":12,"column":1},"end":{"line":12,"column":13}}},"2":{"name":"(anonymous_2)","line":19,"loc":{"start":{"line":19,"column":5},"end":{"line":19,"column":17}}},"3":{"name":"(anonymous_3)","line":23,"loc":{"start":{"line":23,"column":24},"end":{"line":23,"column":36}}}},"statementMap":{"1":{"start":{"line":12,"column":0},"end":{"line":53,"column":5}},"2":{"start":{"line":14,"column":4},"end":{"line":14,"column":14}},"3":{"start":{"line":19,"column":4},"end":{"line":52,"column":9}},"4":{"start":{"line":21,"column":8},"end":{"line":21,"column":19}},"5":{"start":{"line":23,"column":8},"end":{"line":35,"column":13}},"6":{"start":{"line":24,"column":12},"end":{"line":34,"column":13}},"7":{"start":{"line":25,"column":16},"end":{"line":28,"column":30}},"8":{"start":{"line":30,"column":16},"end":{"line":33,"column":27}},"9":{"start":{"line":37,"column":8},"end":{"line":39,"column":21}},"10":{"start":{"line":41,"column":8},"end":{"line":41,"column":54}},"11":{"start":{"line":43,"column":8},"end":{"line":43,"column":48}},"12":{"start":{"line":45,"column":8},"end":{"line":51,"column":9}},"13":{"start":{"line":46,"column":12},"end":{"line":46,"column":54}},"14":{"start":{"line":48,"column":12},"end":{"line":48,"column":35}},"15":{"start":{"line":49,"column":12},"end":{"line":49,"column":49}},"16":{"start":{"line":50,"column":12},"end":{"line":50,"column":43}}},"branchMap":{"1":{"line":25,"type":"binary-expr","locations":[{"start":{"line":25,"column":23},"end":{"line":25,"column":62}},{"start":{"line":26,"column":20},"end":{"line":26,"column":70}},{"start":{"line":27,"column":20},"end":{"line":27,"column":71}},{"start":{"line":28,"column":20},"end":{"line":28,"column":29}}]},"2":{"line":30,"type":"binary-expr","locations":[{"start":{"line":30,"column":23},"end":{"line":30,"column":37}},{"start":{"line":31,"column":20},"end":{"line":31,"column":61}},{"start":{"line":32,"column":20},"end":{"line":32,"column":70}},{"start":{"line":33,"column":20},"end":{"line":33,"column":26}}]},"3":{"line":37,"type":"cond-expr","locations":[{"start":{"line":38,"column":14},"end":{"line":38,"column":20}},{"start":{"line":39,"column":14},"end":{"line":39,"column":20}}]},"4":{"line":41,"type":"binary-expr","locations":[{"start":{"line":41,"column":16},"end":{"line":41,"column":44}},{"start":{"line":41,"column":48},"end":{"line":41,"column":53}}]},"5":{"line":45,"type":"if","locations":[{"start":{"line":45,"column":8},"end":{"line":45,"column":8}},{"start":{"line":45,"column":8},"end":{"line":45,"column":8}}]}},"code":["/* istanbul instrument in package npmtest_pmx */","/*jslint","    bitwise: true,","    browser: true,","    maxerr: 8,","    maxlen: 96,","    node: true,","    nomen: true,","    regexp: true,","    stupid: true","*/","(function () {","    'use strict';","    var local;","","","","    // run shared js-env code - pre-init","    (function () {","        // init local","        local = {};","        // init modeJs","        local.modeJs = (function () {","            try {","                return typeof navigator.userAgent === 'string' &&","                    typeof document.querySelector('body') === 'object' &&","                    typeof XMLHttpRequest.prototype.open === 'function' &&","                    'browser';","            } catch (errorCaughtBrowser) {","                return module.exports &&","                    typeof process.versions.node === 'string' &&","                    typeof require('http').createServer === 'function' &&","                    'node';","            }","        }());","        // init global","        local.global = local.modeJs === 'browser'","            ? window","            : global;","        // init utility2_rollup","        local = local.global.utility2_rollup || local;","        // init lib","        local.local = local.npmtest_pmx = local;","        // init exports","        if (local.modeJs === 'browser') {","            local.global.utility2_npmtest_pmx = local;","        } else {","            module.exports = local;","            module.exports.__dirname = __dirname;","            module.exports.module = module;","        }","    }());","}());",""],"l":{"12":2,"14":2,"19":2,"21":2,"23":2,"24":2,"25":2,"30":1,"37":2,"41":2,"43":2,"45":2,"46":1,"48":1,"49":1,"50":1}},"/home/travis/build/npmtest/node-npmtest-pmx/example.js":{"path":"/home/travis/build/npmtest/node-npmtest-pmx/example.js","s":{"1":2,"2":2,"3":2,"4":2,"5":2,"6":2,"7":2,"8":1,"9":2,"10":2,"11":2,"12":2,"13":1,"14":2,"15":2,"16":2,"17":2,"18":2,"19":0,"20":2,"21":1,"22":1,"23":1,"24":1,"25":1,"26":0,"27":0,"28":1,"29":1,"30":2,"31":0,"32":0,"33":0,"34":1,"35":2,"36":2,"37":3,"38":3,"39":3,"40":3,"41":0,"42":3,"43":3,"44":3,"45":1,"46":3,"47":1,"48":1,"49":1,"50":1,"51":1,"52":1,"53":1,"54":1,"55":1,"56":1,"57":0,"58":1,"59":6,"60":6,"61":1,"62":2,"63":0,"64":2,"65":1,"66":1,"67":0,"68":0,"69":0,"70":0,"71":0,"72":0,"73":0,"74":0,"75":0,"76":0,"77":0,"78":0,"79":0,"80":0,"81":0,"82":0,"83":0},"b":{"1":[2,1,1,1],"2":[1,1,1,1],"3":[1,1],"4":[2,2],"5":[1,1],"6":[1,1],"7":[2,0],"8":[2,1,1,1,1,1],"9":[0,2,0],"10":[1,1],"11":[2,1,1],"12":[1,0],"13":[0,2],"14":[2,0,0,0,0,0,0],"15":[0,3],"16":[3,0],"17":[1,1],"18":[0,1],"19":[1,2,0,2],"20":[1,0],"21":[1,1],"22":[0,0],"23":[0,0],"24":[0,0],"25":[0,0],"26":[0,0],"27":[0,0],"28":[0,0]},"f":{"1":2,"2":2,"3":2,"4":2,"5":2,"6":2,"7":3,"8":3,"9":3,"10":1,"11":6,"12":0},"fnMap":{"1":{"name":"(anonymous_1)","line":26,"loc":{"start":{"line":26,"column":1},"end":{"line":26,"column":13}}},"2":{"name":"(anonymous_2)","line":33,"loc":{"start":{"line":33,"column":5},"end":{"line":33,"column":17}}},"3":{"name":"(anonymous_3)","line":37,"loc":{"start":{"line":37,"column":24},"end":{"line":37,"column":36}}},"4":{"name":"(anonymous_4)","line":69,"loc":{"start":{"line":69,"column":31},"end":{"line":69,"column":48}},"skip":true},"5":{"name":"(anonymous_5)","line":78,"loc":{"start":{"line":78,"column":26},"end":{"line":78,"column":45}},"skip":true},"6":{"name":"(anonymous_6)","line":123,"loc":{"start":{"line":123,"column":33},"end":{"line":123,"column":48}},"skip":true},"7":{"name":"(anonymous_7)","line":125,"loc":{"start":{"line":125,"column":27},"end":{"line":125,"column":39}},"skip":true},"8":{"name":"(anonymous_8)","line":133,"loc":{"start":{"line":133,"column":59},"end":{"line":133,"column":74}},"skip":true},"9":{"name":"(anonymous_9)","line":143,"loc":{"start":{"line":143,"column":45},"end":{"line":143,"column":62}},"skip":true},"10":{"name":"(anonymous_10)","line":144,"loc":{"start":{"line":144,"column":73},"end":{"line":144,"column":92}},"skip":true},"11":{"name":"(anonymous_11)","line":272,"loc":{"start":{"line":272,"column":51},"end":{"line":272,"column":77}},"skip":true},"12":{"name":"(anonymous_12)","line":315,"loc":{"start":{"line":315,"column":32},"end":{"line":315,"column":61}},"skip":true}},"statementMap":{"1":{"start":{"line":26,"column":0},"end":{"line":326,"column":5}},"2":{"start":{"line":28,"column":4},"end":{"line":28,"column":14}},"3":{"start":{"line":33,"column":4},"end":{"line":60,"column":9}},"4":{"start":{"line":35,"column":8},"end":{"line":35,"column":19}},"5":{"start":{"line":37,"column":8},"end":{"line":49,"column":13}},"6":{"start":{"line":38,"column":12},"end":{"line":48,"column":13}},"7":{"start":{"line":39,"column":16},"end":{"line":42,"column":30}},"8":{"start":{"line":44,"column":16},"end":{"line":47,"column":27}},"9":{"start":{"line":51,"column":8},"end":{"line":53,"column":21}},"10":{"start":{"line":55,"column":8},"end":{"line":57,"column":45}},"11":{"start":{"line":59,"column":8},"end":{"line":59,"column":35}},"12":{"start":{"line":61,"column":4},"end":{"line":325,"column":5}},"13":{"start":{"line":69,"column":8},"end":{"line":121,"column":10},"skip":true},"14":{"start":{"line":70,"column":12},"end":{"line":88,"column":13},"skip":true},"15":{"start":{"line":76,"column":16},"end":{"line":87,"column":19},"skip":true},"16":{"start":{"line":79,"column":20},"end":{"line":86,"column":21},"skip":true},"17":{"start":{"line":82,"column":24},"end":{"line":82,"column":43},"skip":true},"18":{"start":{"line":83,"column":24},"end":{"line":83,"column":30},"skip":true},"19":{"start":{"line":85,"column":24},"end":{"line":85,"column":49},"skip":true},"20":{"start":{"line":89,"column":12},"end":{"line":107,"column":13},"skip":true},"21":{"start":{"line":92,"column":16},"end":{"line":102,"column":17},"skip":true},"22":{"start":{"line":93,"column":20},"end":{"line":93,"column":86},"skip":true},"23":{"start":{"line":94,"column":20},"end":{"line":95,"column":45},"skip":true},"24":{"start":{"line":96,"column":20},"end":{"line":96,"column":42},"skip":true},"25":{"start":{"line":97,"column":20},"end":{"line":97,"column":48},"skip":true},"26":{"start":{"line":100,"column":20},"end":{"line":100,"column":85},"skip":true},"27":{"start":{"line":101,"column":20},"end":{"line":101,"column":96},"skip":true},"28":{"start":{"line":103,"column":16},"end":{"line":103,"column":22},"skip":true},"29":{"start":{"line":106,"column":16},"end":{"line":106,"column":22},"skip":true},"30":{"start":{"line":108,"column":12},"end":{"line":120,"column":13},"skip":true},"31":{"start":{"line":114,"column":16},"end":{"line":119,"column":17},"skip":true},"32":{"start":{"line":116,"column":20},"end":{"line":116,"column":78},"skip":true},"33":{"start":{"line":118,"column":20},"end":{"line":118,"column":47},"skip":true},"34":{"start":{"line":123,"column":8},"end":{"line":141,"column":11},"skip":true},"35":{"start":{"line":124,"column":12},"end":{"line":124,"column":54},"skip":true},"36":{"start":{"line":125,"column":12},"end":{"line":140,"column":14},"skip":true},"37":{"start":{"line":126,"column":16},"end":{"line":126,"column":28},"skip":true},"38":{"start":{"line":127,"column":16},"end":{"line":127,"column":69},"skip":true},"39":{"start":{"line":128,"column":16},"end":{"line":128,"column":75},"skip":true},"40":{"start":{"line":129,"column":16},"end":{"line":131,"column":17},"skip":true},"41":{"start":{"line":130,"column":20},"end":{"line":130,"column":27},"skip":true},"42":{"start":{"line":133,"column":16},"end":{"line":137,"column":36},"skip":true},"43":{"start":{"line":134,"column":20},"end":{"line":136,"column":55},"skip":true},"44":{"start":{"line":139,"column":16},"end":{"line":139,"column":57},"skip":true},"45":{"start":{"line":143,"column":8},"end":{"line":147,"column":11},"skip":true},"46":{"start":{"line":144,"column":12},"end":{"line":146,"column":15},"skip":true},"47":{"start":{"line":145,"column":16},"end":{"line":145,"column":70},"skip":true},"48":{"start":{"line":149,"column":8},"end":{"line":149,"column":31},"skip":true},"49":{"start":{"line":150,"column":8},"end":{"line":150,"column":14},"skip":true},"50":{"start":{"line":158,"column":8},"end":{"line":158,"column":31},"skip":true},"51":{"start":{"line":160,"column":8},"end":{"line":160,"column":33},"skip":true},"52":{"start":{"line":161,"column":8},"end":{"line":161,"column":37},"skip":true},"53":{"start":{"line":162,"column":8},"end":{"line":162,"column":35},"skip":true},"54":{"start":{"line":164,"column":8},"end":{"line":164,"column":50},"skip":true},"55":{"start":{"line":166,"column":8},"end":{"line":256,"column":2},"skip":true},"56":{"start":{"line":258,"column":8},"end":{"line":286,"column":9},"skip":true},"57":{"start":{"line":259,"column":12},"end":{"line":269,"column":14},"skip":true},"58":{"start":{"line":271,"column":12},"end":{"line":285,"column":19},"skip":true},"59":{"start":{"line":274,"column":20},"end":{"line":274,"column":35},"skip":true},"60":{"start":{"line":275,"column":20},"end":{"line":284,"column":21},"skip":true},"61":{"start":{"line":277,"column":24},"end":{"line":277,"column":64},"skip":true},"62":{"start":{"line":279,"column":24},"end":{"line":279,"column":40},"skip":true},"63":{"start":{"line":281,"column":24},"end":{"line":281,"column":40},"skip":true},"64":{"start":{"line":283,"column":24},"end":{"line":283,"column":39},"skip":true},"65":{"start":{"line":288,"column":8},"end":{"line":290,"column":9},"skip":true},"66":{"start":{"line":289,"column":12},"end":{"line":289,"column":18},"skip":true},"67":{"start":{"line":291,"column":8},"end":{"line":293,"column":54},"skip":true},"68":{"start":{"line":296,"column":8},"end":{"line":301,"column":37},"skip":true},"69":{"start":{"line":303,"column":8},"end":{"line":303,"column":82},"skip":true},"70":{"start":{"line":306,"column":8},"end":{"line":308,"column":9},"skip":true},"71":{"start":{"line":307,"column":12},"end":{"line":307,"column":82},"skip":true},"72":{"start":{"line":310,"column":8},"end":{"line":312,"column":9},"skip":true},"73":{"start":{"line":311,"column":12},"end":{"line":311,"column":18},"skip":true},"74":{"start":{"line":313,"column":8},"end":{"line":313,"column":54},"skip":true},"75":{"start":{"line":314,"column":8},"end":{"line":314,"column":69},"skip":true},"76":{"start":{"line":315,"column":8},"end":{"line":323,"column":36},"skip":true},"77":{"start":{"line":316,"column":12},"end":{"line":316,"column":61},"skip":true},"78":{"start":{"line":317,"column":12},"end":{"line":320,"column":13},"skip":true},"79":{"start":{"line":318,"column":16},"end":{"line":318,"column":75},"skip":true},"80":{"start":{"line":319,"column":16},"end":{"line":319,"column":23},"skip":true},"81":{"start":{"line":321,"column":12},"end":{"line":321,"column":38},"skip":true},"82":{"start":{"line":322,"column":12},"end":{"line":322,"column":27},"skip":true},"83":{"start":{"line":324,"column":8},"end":{"line":324,"column":14},"skip":true}},"branchMap":{"1":{"line":39,"type":"binary-expr","locations":[{"start":{"line":39,"column":23},"end":{"line":39,"column":62}},{"start":{"line":40,"column":20},"end":{"line":40,"column":70}},{"start":{"line":41,"column":20},"end":{"line":41,"column":71}},{"start":{"line":42,"column":20},"end":{"line":42,"column":29}}]},"2":{"line":44,"type":"binary-expr","locations":[{"start":{"line":44,"column":23},"end":{"line":44,"column":37}},{"start":{"line":45,"column":20},"end":{"line":45,"column":61}},{"start":{"line":46,"column":20},"end":{"line":46,"column":70}},{"start":{"line":47,"column":20},"end":{"line":47,"column":26}}]},"3":{"line":51,"type":"cond-expr","locations":[{"start":{"line":52,"column":14},"end":{"line":52,"column":20}},{"start":{"line":53,"column":14},"end":{"line":53,"column":20}}]},"4":{"line":55,"type":"binary-expr","locations":[{"start":{"line":55,"column":16},"end":{"line":55,"column":44}},{"start":{"line":55,"column":49},"end":{"line":57,"column":43}}]},"5":{"line":55,"type":"cond-expr","locations":[{"start":{"line":56,"column":14},"end":{"line":56,"column":47}},{"start":{"line":57,"column":14},"end":{"line":57,"column":43}}]},"6":{"line":61,"type":"switch","locations":[{"start":{"line":68,"column":4},"end":{"line":150,"column":14},"skip":true},{"start":{"line":156,"column":4},"end":{"line":324,"column":14},"skip":true}]},"7":{"line":70,"type":"if","locations":[{"start":{"line":70,"column":12},"end":{"line":70,"column":12},"skip":true},{"start":{"line":70,"column":12},"end":{"line":70,"column":12},"skip":true}]},"8":{"line":70,"type":"binary-expr","locations":[{"start":{"line":70,"column":16},"end":{"line":70,"column":22},"skip":true},{"start":{"line":70,"column":27},"end":{"line":70,"column":32},"skip":true},{"start":{"line":71,"column":20},"end":{"line":71,"column":39},"skip":true},{"start":{"line":72,"column":20},"end":{"line":72,"column":49},"skip":true},{"start":{"line":73,"column":20},"end":{"line":73,"column":58},"skip":true},{"start":{"line":74,"column":20},"end":{"line":74,"column":69},"skip":true}]},"9":{"line":79,"type":"switch","locations":[{"start":{"line":80,"column":20},"end":{"line":80,"column":33},"skip":true},{"start":{"line":81,"column":20},"end":{"line":83,"column":30},"skip":true},{"start":{"line":84,"column":20},"end":{"line":85,"column":49},"skip":true}]},"10":{"line":89,"type":"switch","locations":[{"start":{"line":90,"column":12},"end":{"line":103,"column":22},"skip":true},{"start":{"line":105,"column":12},"end":{"line":106,"column":22},"skip":true}]},"11":{"line":89,"type":"binary-expr","locations":[{"start":{"line":89,"column":20},"end":{"line":89,"column":25},"skip":true},{"start":{"line":89,"column":29},"end":{"line":89,"column":48},"skip":true},{"start":{"line":89,"column":52},"end":{"line":89,"column":74},"skip":true}]},"12":{"line":92,"type":"if","locations":[{"start":{"line":92,"column":16},"end":{"line":92,"column":16},"skip":true},{"start":{"line":92,"column":16},"end":{"line":92,"column":16},"skip":true}]},"13":{"line":108,"type":"if","locations":[{"start":{"line":108,"column":12},"end":{"line":108,"column":12},"skip":true},{"start":{"line":108,"column":12},"end":{"line":108,"column":12},"skip":true}]},"14":{"line":108,"type":"binary-expr","locations":[{"start":{"line":108,"column":16},"end":{"line":108,"column":61},"skip":true},{"start":{"line":108,"column":66},"end":{"line":108,"column":72},"skip":true},{"start":{"line":108,"column":77},"end":{"line":108,"column":82},"skip":true},{"start":{"line":109,"column":20},"end":{"line":109,"column":39},"skip":true},{"start":{"line":110,"column":20},"end":{"line":110,"column":49},"skip":true},{"start":{"line":111,"column":20},"end":{"line":111,"column":58},"skip":true},{"start":{"line":112,"column":20},"end":{"line":112,"column":68},"skip":true}]},"15":{"line":129,"type":"if","locations":[{"start":{"line":129,"column":16},"end":{"line":129,"column":16},"skip":true},{"start":{"line":129,"column":16},"end":{"line":129,"column":16},"skip":true}]},"16":{"line":134,"type":"cond-expr","locations":[{"start":{"line":135,"column":26},"end":{"line":135,"column":29},"skip":true},{"start":{"line":136,"column":26},"end":{"line":136,"column":54},"skip":true}]},"17":{"line":164,"type":"binary-expr","locations":[{"start":{"line":164,"column":27},"end":{"line":164,"column":43},"skip":true},{"start":{"line":164,"column":47},"end":{"line":164,"column":49},"skip":true}]},"18":{"line":258,"type":"if","locations":[{"start":{"line":258,"column":8},"end":{"line":258,"column":8},"skip":true},{"start":{"line":258,"column":8},"end":{"line":258,"column":8},"skip":true}]},"19":{"line":275,"type":"switch","locations":[{"start":{"line":276,"column":20},"end":{"line":277,"column":64},"skip":true},{"start":{"line":278,"column":20},"end":{"line":279,"column":40},"skip":true},{"start":{"line":280,"column":20},"end":{"line":281,"column":40},"skip":true},{"start":{"line":282,"column":20},"end":{"line":283,"column":39},"skip":true}]},"20":{"line":288,"type":"if","locations":[{"start":{"line":288,"column":8},"end":{"line":288,"column":8},"skip":true},{"start":{"line":288,"column":8},"end":{"line":288,"column":8},"skip":true}]},"21":{"line":288,"type":"binary-expr","locations":[{"start":{"line":288,"column":12},"end":{"line":288,"column":40},"skip":true},{"start":{"line":288,"column":44},"end":{"line":288,"column":67},"skip":true}]},"22":{"line":292,"type":"binary-expr","locations":[{"start":{"line":292,"column":12},"end":{"line":292,"column":50},"skip":true},{"start":{"line":293,"column":12},"end":{"line":293,"column":53},"skip":true}]},"23":{"line":297,"type":"binary-expr","locations":[{"start":{"line":297,"column":12},"end":{"line":297,"column":61},"skip":true},{"start":{"line":298,"column":12},"end":{"line":301,"column":36},"skip":true}]},"24":{"line":303,"type":"binary-expr","locations":[{"start":{"line":303,"column":43},"end":{"line":303,"column":75},"skip":true},{"start":{"line":303,"column":79},"end":{"line":303,"column":81},"skip":true}]},"25":{"line":306,"type":"if","locations":[{"start":{"line":306,"column":8},"end":{"line":306,"column":8},"skip":true},{"start":{"line":306,"column":8},"end":{"line":306,"column":8},"skip":true}]},"26":{"line":310,"type":"if","locations":[{"start":{"line":310,"column":8},"end":{"line":310,"column":8},"skip":true},{"start":{"line":310,"column":8},"end":{"line":310,"column":8},"skip":true}]},"27":{"line":313,"type":"binary-expr","locations":[{"start":{"line":313,"column":27},"end":{"line":313,"column":43},"skip":true},{"start":{"line":313,"column":47},"end":{"line":313,"column":53},"skip":true}]},"28":{"line":317,"type":"if","locations":[{"start":{"line":317,"column":12},"end":{"line":317,"column":12},"skip":true},{"start":{"line":317,"column":12},"end":{"line":317,"column":12},"skip":true}]}},"code":["/*","example.js","","quickstart example","","instruction","    1. save this script as example.js","    2. run the shell command:","        $ npm install npmtest-pmx && PORT=8081 node example.js","    3. play with the browser-demo on http://127.0.0.1:8081","*/","","","","/* istanbul instrument in package npmtest_pmx */","/*jslint","    bitwise: true,","    browser: true,","    maxerr: 8,","    maxlen: 96,","    node: true,","    nomen: true,","    regexp: true,","    stupid: true","*/","(function () {","    'use strict';","    var local;","","","","    // run shared js-env code - pre-init","    (function () {","        // init local","        local = {};","        // init modeJs","        local.modeJs = (function () {","            try {","                return typeof navigator.userAgent === 'string' &&","                    typeof document.querySelector('body') === 'object' &&","                    typeof XMLHttpRequest.prototype.open === 'function' &&","                    'browser';","            } catch (errorCaughtBrowser) {","                return module.exports &&","                    typeof process.versions.node === 'string' &&","                    typeof require('http').createServer === 'function' &&","                    'node';","            }","        }());","        // init global","        local.global = local.modeJs === 'browser'","            ? window","            : global;","        // init utility2_rollup","        local = local.global.utility2_rollup || (local.modeJs === 'browser'","            ? local.global.utility2_npmtest_pmx","            : global.utility2_moduleExports);","        // export local","        local.global.local = local;","    }());","    switch (local.modeJs) {","","","","    // post-init","    // run browser js-env code - post-init","    /* istanbul ignore next */","    case 'browser':","        local.testRunBrowser = function (event) {","            if (!event || (event &&","                    event.currentTarget &&","                    event.currentTarget.className &&","                    event.currentTarget.className.includes &&","                    event.currentTarget.className.includes('onreset'))) {","                // reset output","                Array.from(","                    document.querySelectorAll('body > .resettable')","                ).forEach(function (element) {","                    switch (element.tagName) {","                    case 'INPUT':","                    case 'TEXTAREA':","                        element.value = '';","                        break;","                    default:","                        element.textContent = '';","                    }","                });","            }","            switch (event && event.currentTarget && event.currentTarget.id) {","            case 'testRunButton1':","                // show tests","                if (document.querySelector('#testReportDiv1').style.display === 'none') {","                    document.querySelector('#testReportDiv1').style.display = 'block';","                    document.querySelector('#testRunButton1').textContent =","                        'hide internal test';","                    local.modeTest = true;","                    local.testRunDefault(local);","                // hide tests","                } else {","                    document.querySelector('#testReportDiv1').style.display = 'none';","                    document.querySelector('#testRunButton1').textContent = 'run internal test';","                }","                break;","            // custom-case","            default:","                break;","            }","            if (document.querySelector('#inputTextareaEval1') && (!event || (event &&","                    event.currentTarget &&","                    event.currentTarget.className &&","                    event.currentTarget.className.includes &&","                    event.currentTarget.className.includes('oneval')))) {","                // try to eval input-code","                try {","                    /*jslint evil: true*/","                    eval(document.querySelector('#inputTextareaEval1').value);","                } catch (errorCaught) {","                    console.error(errorCaught);","                }","            }","        };","        // log stderr and stdout to #outputTextareaStdout1","        ['error', 'log'].forEach(function (key) {","            console[key + '_original'] = console[key];","            console[key] = function () {","                var element;","                console[key + '_original'].apply(console, arguments);","                element = document.querySelector('#outputTextareaStdout1');","                if (!element) {","                    return;","                }","                // append text to #outputTextareaStdout1","                element.value += Array.from(arguments).map(function (arg) {","                    return typeof arg === 'string'","                        ? arg","                        : JSON.stringify(arg, null, 4);","                }).join(' ') + '\\n';","                // scroll textarea to bottom","                element.scrollTop = element.scrollHeight;","            };","        });","        // init event-handling","        ['change', 'click', 'keyup'].forEach(function (event) {","            Array.from(document.querySelectorAll('.on' + event)).forEach(function (element) {","                element.addEventListener(event, local.testRunBrowser);","            });","        });","        // run tests","        local.testRunBrowser();","        break;","","","","    // run node js-env code - post-init","    /* istanbul ignore next */","    case 'node':","        // export local","        module.exports = local;","        // require modules","        local.fs = require('fs');","        local.http = require('http');","        local.url = require('url');","        // init assets","        local.assetsDict = local.assetsDict || {};","        /* jslint-ignore-begin */","        local.assetsDict['/assets.index.template.html'] = '\\","<!doctype html>\\n\\","<html lang=\"en\">\\n\\","<head>\\n\\","<meta charset=\"UTF-8\">\\n\\","<meta name=\"viewport\" content=\"width=device-width, initial-scale=1\">\\n\\","<title>{{env.npm_package_name}} (v{{env.npm_package_version}})</title>\\n\\","<style>\\n\\","/*csslint\\n\\","    box-sizing: false,\\n\\","    universal-selector: false\\n\\","*/\\n\\","* {\\n\\","    box-sizing: border-box;\\n\\","}\\n\\","body {\\n\\","    background: #dde;\\n\\","    font-family: Arial, Helvetica, sans-serif;\\n\\","    margin: 2rem;\\n\\","}\\n\\","body > * {\\n\\","    margin-bottom: 1rem;\\n\\","}\\n\\",".utility2FooterDiv {\\n\\","    margin-top: 20px;\\n\\","    text-align: center;\\n\\","}\\n\\","</style>\\n\\","<style>\\n\\","/*csslint\\n\\","*/\\n\\","textarea {\\n\\","    font-family: monospace;\\n\\","    height: 10rem;\\n\\","    width: 100%;\\n\\","}\\n\\","textarea[readonly] {\\n\\","    background: #ddd;\\n\\","}\\n\\","</style>\\n\\","</head>\\n\\","<body>\\n\\","<!-- utility2-comment\\n\\","<div id=\"ajaxProgressDiv1\" style=\"background: #d00; height: 2px; left: 0; margin: 0; padding: 0; position: fixed; top: 0; transition: background 0.5s, width 1.5s; width: 25%;\"></div>\\n\\","utility2-comment -->\\n\\","<h1>\\n\\","<!-- utility2-comment\\n\\","    <a\\n\\","        {{#if env.npm_package_homepage}}\\n\\","        href=\"{{env.npm_package_homepage}}\"\\n\\","        {{/if env.npm_package_homepage}}\\n\\","        target=\"_blank\"\\n\\","    >\\n\\","utility2-comment -->\\n\\","        {{env.npm_package_name}} (v{{env.npm_package_version}})\\n\\","<!-- utility2-comment\\n\\","    </a>\\n\\","utility2-comment -->\\n\\","</h1>\\n\\","<h3>{{env.npm_package_description}}</h3>\\n\\","<!-- utility2-comment\\n\\","<h4><a download href=\"assets.app.js\">download standalone app</a></h4>\\n\\","<button class=\"onclick onreset\" id=\"testRunButton1\">run internal test</button><br>\\n\\","<div id=\"testReportDiv1\" style=\"display: none;\"></div>\\n\\","utility2-comment -->\\n\\","\\n\\","\\n\\","\\n\\","<label>stderr and stdout</label>\\n\\","<textarea class=\"resettable\" id=\"outputTextareaStdout1\" readonly></textarea>\\n\\","<!-- utility2-comment\\n\\","{{#if isRollup}}\\n\\","<script src=\"assets.app.js\"></script>\\n\\","{{#unless isRollup}}\\n\\","utility2-comment -->\\n\\","<script src=\"assets.utility2.rollup.js\"></script>\\n\\","<script src=\"jsonp.utility2._stateInit?callback=window.utility2._stateInit\"></script>\\n\\","<script src=\"assets.npmtest_pmx.rollup.js\"></script>\\n\\","<script src=\"assets.example.js\"></script>\\n\\","<script src=\"assets.test.js\"></script>\\n\\","<!-- utility2-comment\\n\\","{{/if isRollup}}\\n\\","utility2-comment -->\\n\\","<div class=\"utility2FooterDiv\">\\n\\","    [ this app was created with\\n\\","    <a href=\"https://github.com/kaizhu256/node-utility2\" target=\"_blank\">utility2</a>\\n\\","    ]\\n\\","</div>\\n\\","</body>\\n\\","</html>\\n\\","';","        /* jslint-ignore-end */","        if (local.templateRender) {","            local.assetsDict['/'] = local.templateRender(","                local.assetsDict['/assets.index.template.html'],","                {","                    env: local.objectSetDefault(local.env, {","                        npm_package_description: 'the greatest app in the world!',","                        npm_package_name: 'my-app',","                        npm_package_nameAlias: 'my_app',","                        npm_package_version: '0.0.1'","                    })","                }","            );","        } else {","            local.assetsDict['/'] = local.assetsDict['/assets.index.template.html']","                .replace((/\\{\\{env\\.(\\w+?)\\}\\}/g), function (match0, match1) {","                    // jslint-hack","                    String(match0);","                    switch (match1) {","                    case 'npm_package_description':","                        return 'the greatest app in the world!';","                    case 'npm_package_name':","                        return 'my-app';","                    case 'npm_package_nameAlias':","                        return 'my_app';","                    case 'npm_package_version':","                        return '0.0.1';","                    }","                });","        }","        // run the cli","        if (local.global.utility2_rollup || module !== require.main) {","            break;","        }","        local.assetsDict['/assets.example.js'] =","            local.assetsDict['/assets.example.js'] ||","            local.fs.readFileSync(__filename, 'utf8');","        // bug-workaround - long $npm_package_buildCustomOrg","        /* jslint-ignore-begin */","        local.assetsDict['/assets.npmtest_pmx.rollup.js'] =","            local.assetsDict['/assets.npmtest_pmx.rollup.js'] ||","            local.fs.readFileSync(","                local.npmtest_pmx.__dirname + '/lib.npmtest_pmx.js',","                'utf8'","            ).replace((/^#!/), '//');","        /* jslint-ignore-end */","        local.assetsDict['/favicon.ico'] = local.assetsDict['/favicon.ico'] || '';","        // if $npm_config_timeout_exit exists,","        // then exit this process after $npm_config_timeout_exit ms","        if (Number(process.env.npm_config_timeout_exit)) {","            setTimeout(process.exit, Number(process.env.npm_config_timeout_exit));","        }","        // start server","        if (local.global.utility2_serverHttp1) {","            break;","        }","        process.env.PORT = process.env.PORT || '8081';","        console.error('server starting on port ' + process.env.PORT);","        local.http.createServer(function (request, response) {","            request.urlParsed = local.url.parse(request.url);","            if (local.assetsDict[request.urlParsed.pathname] !== undefined) {","                response.end(local.assetsDict[request.urlParsed.pathname]);","                return;","            }","            response.statusCode = 404;","            response.end();","        }).listen(process.env.PORT);","        break;","    }","}());",""],"l":{"26":2,"28":2,"33":2,"35":2,"37":2,"38":2,"39":2,"44":1,"51":2,"55":2,"59":2,"61":2,"69":1,"70":2,"76":2,"79":2,"82":2,"83":2,"85":1,"89":2,"92":1,"93":1,"94":1,"96":1,"97":1,"100":1,"101":1,"103":1,"106":1,"108":2,"114":1,"116":1,"118":1,"123":1,"124":2,"125":2,"126":3,"127":3,"128":3,"129":3,"130":1,"133":3,"134":3,"139":3,"143":1,"144":3,"145":1,"149":1,"150":1,"158":1,"160":1,"161":1,"162":1,"164":1,"166":1,"258":1,"259":1,"271":1,"274":6,"275":6,"277":1,"279":2,"281":1,"283":2,"288":1,"289":1,"291":1,"296":1,"303":1,"306":1,"307":1,"310":1,"311":1,"313":1,"314":1,"315":1,"316":1,"317":1,"318":1,"319":1,"321":1,"322":1,"324":1}},"/home/travis/build/npmtest/node-npmtest-pmx/node_modules/pmx/index.js":{"path":"/home/travis/build/npmtest/node-npmtest-pmx/node_modules/pmx/index.js","s":{"1":1},"b":{},"f":{},"fnMap":{},"statementMap":{"1":{"start":{"line":2,"column":0},"end":{"line":2,"column":48}}},"branchMap":{},"code":["","module.exports = exports = require(\"./lib/pmx\");",""],"l":{"2":1}},"/home/travis/build/npmtest/node-npmtest-pmx/node_modules/pmx/lib/pmx.js":{"path":"/home/travis/build/npmtest/node-npmtest-pmx/node_modules/pmx/lib/pmx.js","s":{"1":1,"2":1,"3":1,"4":1,"5":1,"6":1,"7":1,"8":1,"9":1,"10":1,"11":1,"12":1,"13":1,"14":1,"15":1,"16":1,"17":1,"18":1,"19":1,"20":1,"21":1,"22":1,"23":0,"24":0,"25":0,"26":0,"27":0,"28":0,"29":0,"30":0,"31":0,"32":0,"33":0,"34":0,"35":0,"36":0,"37":0,"38":0,"39":0,"40":0,"41":0,"42":0,"43":0,"44":1,"45":0,"46":0,"47":0,"48":0,"49":0,"50":0,"51":0,"52":0,"53":0,"54":0,"55":0,"56":1,"57":0,"58":1,"59":0,"60":1},"b":{"1":[0,0],"2":[0,0],"3":[0,0],"4":[0,0],"5":[0,0],"6":[0,0],"7":[0,0],"8":[0,0],"9":[0,0],"10":[0,0],"11":[0,0]},"f":{"1":0,"2":0,"3":0,"4":0},"fnMap":{"1":{"name":"(anonymous_1)","line":33,"loc":{"start":{"line":33,"column":11},"end":{"line":33,"column":26}}},"2":{"name":"(anonymous_2)","line":93,"loc":{"start":{"line":93,"column":17},"end":{"line":93,"column":36}}},"3":{"name":"(anonymous_3)","line":121,"loc":{"start":{"line":121,"column":14},"end":{"line":121,"column":25}}},"4":{"name":"(anonymous_4)","line":125,"loc":{"start":{"line":125,"column":13},"end":{"line":125,"column":24}}}},"statementMap":{"1":{"start":{"line":2,"column":0},"end":{"line":2,"column":41}},"2":{"start":{"line":3,"column":0},"end":{"line":3,"column":42}},"3":{"start":{"line":4,"column":0},"end":{"line":4,"column":41}},"4":{"start":{"line":5,"column":0},"end":{"line":5,"column":46}},"5":{"start":{"line":6,"column":0},"end":{"line":6,"column":42}},"6":{"start":{"line":7,"column":0},"end":{"line":7,"column":42}},"7":{"start":{"line":8,"column":0},"end":{"line":8,"column":51}},"8":{"start":{"line":9,"column":0},"end":{"line":9,"column":40}},"9":{"start":{"line":11,"column":0},"end":{"line":11,"column":52}},"10":{"start":{"line":13,"column":0},"end":{"line":13,"column":34}},"11":{"start":{"line":15,"column":0},"end":{"line":15,"column":18}},"12":{"start":{"line":20,"column":0},"end":{"line":20,"column":26}},"13":{"start":{"line":21,"column":0},"end":{"line":21,"column":27}},"14":{"start":{"line":22,"column":0},"end":{"line":22,"column":26}},"15":{"start":{"line":23,"column":0},"end":{"line":23,"column":27}},"16":{"start":{"line":24,"column":0},"end":{"line":24,"column":33}},"17":{"start":{"line":25,"column":0},"end":{"line":25,"column":25}},"18":{"start":{"line":26,"column":0},"end":{"line":26,"column":27}},"19":{"start":{"line":27,"column":0},"end":{"line":27,"column":29}},"20":{"start":{"line":28,"column":0},"end":{"line":28,"column":31}},"21":{"start":{"line":31,"column":0},"end":{"line":31,"column":45}},"22":{"start":{"line":33,"column":0},"end":{"line":91,"column":2}},"23":{"start":{"line":34,"column":2},"end":{"line":34,"column":23}},"24":{"start":{"line":34,"column":13},"end":{"line":34,"column":23}},"25":{"start":{"line":36,"column":2},"end":{"line":60,"column":11}},"26":{"start":{"line":62,"column":2},"end":{"line":62,"column":34}},"27":{"start":{"line":63,"column":2},"end":{"line":63,"column":24}},"28":{"start":{"line":65,"column":2},"end":{"line":66,"column":21}},"29":{"start":{"line":66,"column":4},"end":{"line":66,"column":21}},"30":{"start":{"line":67,"column":2},"end":{"line":68,"column":23}},"31":{"start":{"line":68,"column":4},"end":{"line":68,"column":23}},"32":{"start":{"line":70,"column":2},"end":{"line":71,"column":27}},"33":{"start":{"line":71,"column":4},"end":{"line":71,"column":27}},"34":{"start":{"line":72,"column":2},"end":{"line":73,"column":19}},"35":{"start":{"line":73,"column":4},"end":{"line":73,"column":19}},"36":{"start":{"line":75,"column":2},"end":{"line":75,"column":21}},"37":{"start":{"line":77,"column":2},"end":{"line":78,"column":31}},"38":{"start":{"line":78,"column":4},"end":{"line":78,"column":31}},"39":{"start":{"line":80,"column":2},"end":{"line":83,"column":3}},"40":{"start":{"line":82,"column":4},"end":{"line":82,"column":42}},"41":{"start":{"line":85,"column":2},"end":{"line":87,"column":3}},"42":{"start":{"line":89,"column":2},"end":{"line":89,"column":24}},"43":{"start":{"line":90,"column":2},"end":{"line":90,"column":14}},"44":{"start":{"line":93,"column":0},"end":{"line":119,"column":2}},"45":{"start":{"line":94,"column":2},"end":{"line":94,"column":23}},"46":{"start":{"line":94,"column":13},"end":{"line":94,"column":23}},"47":{"start":{"line":96,"column":2},"end":{"line":99,"column":11}},"48":{"start":{"line":101,"column":2},"end":{"line":105,"column":18}},"49":{"start":{"line":107,"column":2},"end":{"line":107,"column":23}},"50":{"start":{"line":108,"column":2},"end":{"line":108,"column":34}},"51":{"start":{"line":111,"column":2},"end":{"line":111,"column":17}},"52":{"start":{"line":113,"column":2},"end":{"line":113,"column":24}},"53":{"start":{"line":115,"column":2},"end":{"line":116,"column":26}},"54":{"start":{"line":116,"column":4},"end":{"line":116,"column":26}},"55":{"start":{"line":118,"column":2},"end":{"line":118,"column":14}},"56":{"start":{"line":121,"column":0},"end":{"line":123,"column":2}},"57":{"start":{"line":122,"column":2},"end":{"line":122,"column":24}},"58":{"start":{"line":125,"column":0},"end":{"line":127,"column":2}},"59":{"start":{"line":126,"column":2},"end":{"line":126,"column":21}},"60":{"start":{"line":132,"column":0},"end":{"line":132,"column":21}}},"branchMap":{"1":{"line":34,"type":"if","locations":[{"start":{"line":34,"column":2},"end":{"line":34,"column":2}},{"start":{"line":34,"column":2},"end":{"line":34,"column":2}}]},"2":{"line":65,"type":"if","locations":[{"start":{"line":65,"column":2},"end":{"line":65,"column":2}},{"start":{"line":65,"column":2},"end":{"line":65,"column":2}}]},"3":{"line":67,"type":"if","locations":[{"start":{"line":67,"column":2},"end":{"line":67,"column":2}},{"start":{"line":67,"column":2},"end":{"line":67,"column":2}}]},"4":{"line":70,"type":"if","locations":[{"start":{"line":70,"column":2},"end":{"line":70,"column":2}},{"start":{"line":70,"column":2},"end":{"line":70,"column":2}}]},"5":{"line":72,"type":"if","locations":[{"start":{"line":72,"column":2},"end":{"line":72,"column":2}},{"start":{"line":72,"column":2},"end":{"line":72,"column":2}}]},"6":{"line":77,"type":"if","locations":[{"start":{"line":77,"column":2},"end":{"line":77,"column":2}},{"start":{"line":77,"column":2},"end":{"line":77,"column":2}}]},"7":{"line":80,"type":"if","locations":[{"start":{"line":80,"column":2},"end":{"line":80,"column":2}},{"start":{"line":80,"column":2},"end":{"line":80,"column":2}}]},"8":{"line":85,"type":"if","locations":[{"start":{"line":85,"column":2},"end":{"line":85,"column":2}},{"start":{"line":85,"column":2},"end":{"line":85,"column":2}}]},"9":{"line":94,"type":"if","locations":[{"start":{"line":94,"column":2},"end":{"line":94,"column":2}},{"start":{"line":94,"column":2},"end":{"line":94,"column":2}}]},"10":{"line":115,"type":"if","locations":[{"start":{"line":115,"column":2},"end":{"line":115,"column":2}},{"start":{"line":115,"column":2},"end":{"line":115,"column":2}}]},"11":{"line":115,"type":"binary-expr","locations":[{"start":{"line":115,"column":6},"end":{"line":115,"column":8}},{"start":{"line":115,"column":12},"end":{"line":115,"column":36}}]}},"code":["","var Events      = require('./events.js');","var Actions     = require('./actions.js');","var Notify      = require('./notify.js');","var Transaction = require('./transaction.js');","var Network     = require('./network.js');","var Monitor     = require('./monitor.js');","var Profiling   = require('./probes/profiling.js');","var Probe       = require('./Probe.js');","","var Configuration   = require('./configuration.js');","","var util        = require('util');","","var PMX      = {};","","/**"," * Flatten API"," */","util._extend(PMX, Events);","util._extend(PMX, Actions);","util._extend(PMX, Notify);","util._extend(PMX, Monitor);","util._extend(PMX, Configuration);","util._extend(PMX, Probe);","util._extend(PMX, Network);","util._extend(PMX, Profiling);","util._extend(PMX, Transaction);","","// Grab defaut configuration","PMX._pmx_conf = Configuration.init({}, true);","","PMX.init = function(opts) {","  if (!opts) opts = {};","","  opts = util._extend({","    default_actions : true,","    transactions  : false,","    http          : true,","    http_latency  : 200,","    http_code     : 500,","    ignore_routes : [],","    profiling     : true,","    errors        : true,","    // By default if you add alert subfield in custom","    // it's going to be enabled","    alert_enabled : true,","    custom_probes : true,","    network       : false,","    ports         : false,","","    // VXX options","    // ignoreFilter.url is aliased to ignore_routes","    ignoreFilter: {","      'url': [],","      'method': ['OPTIONS']","    },","    // 'express', 'hapi', 'http', 'restify'","    excludedHooks: []","  }, opts);","","  opts = Configuration.init(opts);","  this._pmx_conf = opts;","","  if (opts.ports)","    PMX.catchPorts();","  if (opts.network)","    PMX.catchTraffic();","","  if (opts.transactions)","    PMX.tracing(PMX, opts);","  if (opts.http)","    PMX.http(opts);","","  PMX.catchAll(opts);","","  if (opts.profiling)","    Profiling.v8Profiling(PMX);","","  if (opts.custom_probes == true) {","    // Event loop monitoring","    require('./probes/pacemaker.js')(PMX);","  }","","  if (opts.default_actions == true) {","    //require('./actions/default.js')(PMX);","  }","","  opts.isModule = false;","  return this;","};","","PMX.initModule = function(opts, cb) {","  if (!opts) opts = {};","","  opts = util._extend({","    alert_enabled    : true,","    widget           : {}","  }, opts);","","  opts.widget = util._extend({","    type : 'generic',","    logo : 'https://app.keymetrics.io/img/logo/keymetrics-300.png',","    theme            : ['#111111', '#1B2228', '#807C7C', '#807C7C']","  }, opts.widget);","","  opts.isModule = true;","  opts = Configuration.init(opts);","","  // Force error catching","  PMX.catchAll();","","  this._pmx_conf = opts;","","  if (cb && typeof(cb) == 'function')","    return cb(null, opts);","","  return opts;","};","","PMX.getConf = function() {","  return this._pmx_conf;","};","","PMX.getEnv = function() {","  return process.env;","};","","/**"," * Export"," */","module.exports = PMX;",""],"l":{"2":1,"3":1,"4":1,"5":1,"6":1,"7":1,"8":1,"9":1,"11":1,"13":1,"15":1,"20":1,"21":1,"22":1,"23":1,"24":1,"25":1,"26":1,"27":1,"28":1,"31":1,"33":1,"34":0,"36":0,"62":0,"63":0,"65":0,"66":0,"67":0,"68":0,"70":0,"71":0,"72":0,"73":0,"75":0,"77":0,"78":0,"80":0,"82":0,"85":0,"89":0,"90":0,"93":1,"94":0,"96":0,"101":0,"107":0,"108":0,"111":0,"113":0,"115":0,"116":0,"118":0,"121":1,"122":0,"125":1,"126":0,"132":1}},"/home/travis/build/npmtest/node-npmtest-pmx/node_modules/pmx/lib/events.js":{"path":"/home/travis/build/npmtest/node-npmtest-pmx/node_modules/pmx/lib/events.js","s":{"1":1,"2":1,"3":1,"4":1,"5":1,"6":1,"7":0,"8":0,"9":0,"10":0,"11":0,"12":0,"13":0,"14":0,"15":0,"16":0,"17":0,"18":1},"b":{"1":[0,0],"2":[0,0],"3":[0,0]},"f":{"1":0},"fnMap":{"1":{"name":"(anonymous_1)","line":9,"loc":{"start":{"line":9,"column":14},"end":{"line":9,"column":35}}}},"statementMap":{"1":{"start":{"line":2,"column":0},"end":{"line":2,"column":47}},"2":{"start":{"line":3,"column":0},"end":{"line":3,"column":48}},"3":{"start":{"line":4,"column":0},"end":{"line":4,"column":39}},"4":{"start":{"line":5,"column":0},"end":{"line":5,"column":47}},"5":{"start":{"line":7,"column":0},"end":{"line":7,"column":19}},"6":{"start":{"line":9,"column":0},"end":{"line":30,"column":2}},"7":{"start":{"line":10,"column":2},"end":{"line":11,"column":55}},"8":{"start":{"line":11,"column":4},"end":{"line":11,"column":55}},"9":{"start":{"line":12,"column":2},"end":{"line":13,"column":55}},"10":{"start":{"line":13,"column":4},"end":{"line":13,"column":55}},"11":{"start":{"line":15,"column":2},"end":{"line":15,"column":24}},"12":{"start":{"line":17,"column":2},"end":{"line":21,"column":3}},"13":{"start":{"line":18,"column":4},"end":{"line":18,"column":47}},"14":{"start":{"line":20,"column":4},"end":{"line":20,"column":29}},"15":{"start":{"line":23,"column":2},"end":{"line":23,"column":29}},"16":{"start":{"line":25,"column":2},"end":{"line":28,"column":11}},"17":{"start":{"line":29,"column":2},"end":{"line":29,"column":15}},"18":{"start":{"line":32,"column":0},"end":{"line":32,"column":24}}},"branchMap":{"1":{"line":10,"type":"if","locations":[{"start":{"line":10,"column":2},"end":{"line":10,"column":2}},{"start":{"line":10,"column":2},"end":{"line":10,"column":2}}]},"2":{"line":12,"type":"if","locations":[{"start":{"line":12,"column":2},"end":{"line":12,"column":2}},{"start":{"line":12,"column":2},"end":{"line":12,"column":2}}]},"3":{"line":17,"type":"if","locations":[{"start":{"line":17,"column":2},"end":{"line":17,"column":2}},{"start":{"line":17,"column":2},"end":{"line":17,"column":2}}]}},"code":["","var debug     = require('debug')('axm:events');","var Transport = require('./utils/transport.js');","var Common    = require('./common.js');","var stringify = require('json-stringify-safe');","","var Events    = {};","","Events.emit = function(name, data) {","  if (!name)","    return console.error('[AXM] emit.name is missing');","  if (!data)","    return console.error('[AXM] emit.data is missing');","","  var inflight_obj = {};","","  if (typeof(data) == 'object')","    inflight_obj = JSON.parse(stringify(data));","  else {","    inflight_obj.data = data;","  }","","  inflight_obj.__name = name;","","  Transport.send({","    type : 'human:event',","    data : inflight_obj","  }, true);","  return false;","};","","module.exports = Events;",""],"l":{"2":1,"3":1,"4":1,"5":1,"7":1,"9":1,"10":0,"11":0,"12":0,"13":0,"15":0,"17":0,"18":0,"20":0,"23":0,"25":0,"29":0,"32":1}},"/home/travis/build/npmtest/node-npmtest-pmx/node_modules/pmx/lib/utils/transport.js":{"path":"/home/travis/build/npmtest/node-npmtest-pmx/node_modules/pmx/lib/utils/transport.js","s":{"1":1,"2":1,"3":1,"4":1,"5":0,"6":0,"7":0,"8":0,"9":0,"10":0,"11":0,"12":0,"13":0,"14":0,"15":0,"16":1,"17":0,"18":0,"19":0},"b":{"1":[0,0],"2":[0,0],"3":[0,0],"4":[0,0]},"f":{"1":0,"2":0},"fnMap":{"1":{"name":"ipcSend","line":7,"loc":{"start":{"line":7,"column":0},"end":{"line":7,"column":30}}},"2":{"name":"(anonymous_2)","line":30,"loc":{"start":{"line":30,"column":17},"end":{"line":30,"column":39}}}},"statementMap":{"1":{"start":{"line":2,"column":0},"end":{"line":2,"column":50}},"2":{"start":{"line":3,"column":0},"end":{"line":3,"column":47}},"3":{"start":{"line":5,"column":0},"end":{"line":5,"column":36}},"4":{"start":{"line":7,"column":0},"end":{"line":28,"column":1}},"5":{"start":{"line":11,"column":2},"end":{"line":12,"column":22}},"6":{"start":{"line":12,"column":4},"end":{"line":12,"column":22}},"7":{"start":{"line":14,"column":2},"end":{"line":18,"column":3}},"8":{"start":{"line":15,"column":4},"end":{"line":15,"column":27}},"9":{"start":{"line":16,"column":4},"end":{"line":16,"column":25}},"10":{"start":{"line":17,"column":4},"end":{"line":17,"column":17}},"11":{"start":{"line":21,"column":2},"end":{"line":27,"column":3}},"12":{"start":{"line":22,"column":4},"end":{"line":22,"column":46}},"13":{"start":{"line":24,"column":4},"end":{"line":24,"column":56}},"14":{"start":{"line":25,"column":4},"end":{"line":25,"column":32}},"15":{"start":{"line":26,"column":4},"end":{"line":26,"column":20}},"16":{"start":{"line":30,"column":0},"end":{"line":34,"column":2}},"17":{"start":{"line":31,"column":2},"end":{"line":31,"column":28}},"18":{"start":{"line":31,"column":14},"end":{"line":31,"column":28}},"19":{"start":{"line":33,"column":2},"end":{"line":33,"column":23}}},"branchMap":{"1":{"line":11,"type":"if","locations":[{"start":{"line":11,"column":2},"end":{"line":11,"column":2}},{"start":{"line":11,"column":2},"end":{"line":11,"column":2}}]},"2":{"line":14,"type":"if","locations":[{"start":{"line":14,"column":2},"end":{"line":14,"column":2}},{"start":{"line":14,"column":2},"end":{"line":14,"column":2}}]},"3":{"line":25,"type":"binary-expr","locations":[{"start":{"line":25,"column":18},"end":{"line":25,"column":25}},{"start":{"line":25,"column":29},"end":{"line":25,"column":30}}]},"4":{"line":31,"type":"if","locations":[{"start":{"line":31,"column":2},"end":{"line":31,"column":2}},{"start":{"line":31,"column":2},"end":{"line":31,"column":2}}]}},"code":["","var debug     = require('debug')('axm:transport');","var stringify = require('json-stringify-safe');","","var Transport = module.exports = {};","","function ipcSend(args, print) {","  /**","   * For debug purpose","   */","  if (process.env.MODULE_DEBUG)","    console.log(args);","","  if (!process.send) {","    var output = args.data;","    delete output.__name;","    return false;","  }","","","  try {","    process.send(JSON.parse(stringify(args)));","  } catch(e) {","    console.error('Process disconnected from parent !');","    console.error(e.stack || e);","    process.exit(1);","  }","};","","Transport.send = function(args, print) {","  if (!print) print = false;","","  ipcSend(args, print);","};",""],"l":{"2":1,"3":1,"5":1,"7":1,"11":0,"12":0,"14":0,"15":0,"16":0,"17":0,"21":0,"22":0,"24":0,"25":0,"26":0,"30":1,"31":0,"33":0}},"/home/travis/build/npmtest/node-npmtest-pmx/node_modules/pmx/lib/common.js":{"path":"/home/travis/build/npmtest/node-npmtest-pmx/node_modules/pmx/lib/common.js","s":{"1":1,"2":1,"3":0},"b":{},"f":{"1":0},"fnMap":{"1":{"name":"getDate","line":4,"loc":{"start":{"line":4,"column":17},"end":{"line":4,"column":36}}}},"statementMap":{"1":{"start":{"line":2,"column":0},"end":{"line":2,"column":34}},"2":{"start":{"line":4,"column":0},"end":{"line":6,"column":2}},"3":{"start":{"line":5,"column":2},"end":{"line":5,"column":39}}},"branchMap":{},"code":["","var Common = module.exports =  {};","","Common.getDate = function getDate() {","  return Math.round(Date.now() / 1000);","};",""],"l":{"2":1,"4":1,"5":0}},"/home/travis/build/npmtest/node-npmtest-pmx/node_modules/pmx/lib/actions.js":{"path":"/home/travis/build/npmtest/node-npmtest-pmx/node_modules/pmx/lib/actions.js","s":{"1":1,"2":1,"3":1,"4":1,"5":1,"6":1,"7":0,"8":0,"9":0,"10":0,"11":0,"12":0,"13":0,"14":0,"15":0,"16":0,"17":0,"18":1,"19":0,"20":0,"21":0,"22":0,"23":0,"24":0,"25":0,"26":0,"27":0,"28":0,"29":0,"30":0,"31":0,"32":0,"33":0,"34":1,"35":0,"36":0,"37":0,"38":0,"39":0,"40":0,"41":0,"42":0,"43":0,"44":0,"45":0,"46":0,"47":0,"48":0,"49":0,"50":0,"51":0,"52":0,"53":0,"54":0,"55":0,"56":0,"57":0,"58":1},"b":{"1":[0,0],"2":[0,0],"3":[0,0],"4":[0,0],"5":[0,0],"6":[0,0],"7":[0,0],"8":[0,0,0],"9":[0,0],"10":[0,0,0],"11":[0,0],"12":[0,0],"13":[0,0],"14":[0,0],"15":[0,0],"16":[0,0],"17":[0,0],"18":[0,0],"19":[0,0,0],"20":[0,0],"21":[0,0,0],"22":[0,0]},"f":{"1":0,"2":0,"3":0,"4":0,"5":0,"6":0,"7":0,"8":0,"9":0,"10":0,"11":0},"fnMap":{"1":{"name":"(anonymous_1)","line":8,"loc":{"start":{"line":8,"column":17},"end":{"line":8,"column":49}}},"2":{"name":"reply","line":34,"loc":{"start":{"line":34,"column":2},"end":{"line":34,"column":23}}},"3":{"name":"(anonymous_3)","line":49,"loc":{"start":{"line":49,"column":24},"end":{"line":49,"column":39}}},"4":{"name":"(anonymous_4)","line":75,"loc":{"start":{"line":75,"column":23},"end":{"line":75,"column":49}}},"5":{"name":"(anonymous_5)","line":96,"loc":{"start":{"line":96,"column":24},"end":{"line":96,"column":39}}},"6":{"name":"(anonymous_6)","line":104,"loc":{"start":{"line":104,"column":15},"end":{"line":104,"column":28}}},"7":{"name":"(anonymous_7)","line":114,"loc":{"start":{"line":114,"column":16},"end":{"line":114,"column":29}}},"8":{"name":"(anonymous_8)","line":124,"loc":{"start":{"line":124,"column":14},"end":{"line":124,"column":27}}},"9":{"name":"(anonymous_9)","line":138,"loc":{"start":{"line":138,"column":20},"end":{"line":138,"column":34}}},"10":{"name":"(anonymous_10)","line":140,"loc":{"start":{"line":140,"column":19},"end":{"line":140,"column":30}}},"11":{"name":"(anonymous_11)","line":145,"loc":{"start":{"line":145,"column":12},"end":{"line":145,"column":23}}}},"statementMap":{"1":{"start":{"line":1,"column":0},"end":{"line":1,"column":34}},"2":{"start":{"line":2,"column":0},"end":{"line":2,"column":47}},"3":{"start":{"line":3,"column":0},"end":{"line":3,"column":39}},"4":{"start":{"line":4,"column":0},"end":{"line":4,"column":48}},"5":{"start":{"line":6,"column":0},"end":{"line":6,"column":17}},"6":{"start":{"line":8,"column":0},"end":{"line":73,"column":2}},"7":{"start":{"line":9,"column":2},"end":{"line":12,"column":3}},"8":{"start":{"line":10,"column":4},"end":{"line":10,"column":14}},"9":{"start":{"line":11,"column":4},"end":{"line":11,"column":16}},"10":{"start":{"line":14,"column":2},"end":{"line":15,"column":64}},"11":{"start":{"line":15,"column":4},"end":{"line":15,"column":64}},"12":{"start":{"line":16,"column":2},"end":{"line":17,"column":55}},"13":{"start":{"line":17,"column":4},"end":{"line":17,"column":55}},"14":{"start":{"line":19,"column":2},"end":{"line":22,"column":3}},"15":{"start":{"line":20,"column":4},"end":{"line":20,"column":44}},"16":{"start":{"line":21,"column":4},"end":{"line":21,"column":17}},"17":{"start":{"line":25,"column":2},"end":{"line":32,"column":5}},"18":{"start":{"line":34,"column":2},"end":{"line":47,"column":3}},"19":{"start":{"line":35,"column":4},"end":{"line":38,"column":5}},"20":{"start":{"line":36,"column":6},"end":{"line":36,"column":33}},"21":{"start":{"line":37,"column":6},"end":{"line":37,"column":25}},"22":{"start":{"line":40,"column":4},"end":{"line":46,"column":7}},"23":{"start":{"line":49,"column":2},"end":{"line":72,"column":5}},"24":{"start":{"line":50,"column":4},"end":{"line":50,"column":28}},"25":{"start":{"line":50,"column":15},"end":{"line":50,"column":28}},"26":{"start":{"line":53,"column":4},"end":{"line":54,"column":27}},"27":{"start":{"line":54,"column":6},"end":{"line":54,"column":27}},"28":{"start":{"line":57,"column":4},"end":{"line":58,"column":23}},"29":{"start":{"line":58,"column":6},"end":{"line":58,"column":23}},"30":{"start":{"line":63,"column":4},"end":{"line":64,"column":23}},"31":{"start":{"line":64,"column":6},"end":{"line":64,"column":23}},"32":{"start":{"line":70,"column":4},"end":{"line":71,"column":34}},"33":{"start":{"line":71,"column":6},"end":{"line":71,"column":34}},"34":{"start":{"line":75,"column":0},"end":{"line":150,"column":2}},"35":{"start":{"line":77,"column":2},"end":{"line":78,"column":64}},"36":{"start":{"line":78,"column":4},"end":{"line":78,"column":64}},"37":{"start":{"line":79,"column":2},"end":{"line":80,"column":54}},"38":{"start":{"line":80,"column":4},"end":{"line":80,"column":54}},"39":{"start":{"line":82,"column":2},"end":{"line":85,"column":3}},"40":{"start":{"line":83,"column":4},"end":{"line":83,"column":44}},"41":{"start":{"line":84,"column":4},"end":{"line":84,"column":17}},"42":{"start":{"line":88,"column":2},"end":{"line":94,"column":5}},"43":{"start":{"line":96,"column":2},"end":{"line":149,"column":5}},"44":{"start":{"line":97,"column":4},"end":{"line":100,"column":19}},"45":{"start":{"line":100,"column":6},"end":{"line":100,"column":19}},"46":{"start":{"line":102,"column":4},"end":{"line":148,"column":5}},"47":{"start":{"line":103,"column":6},"end":{"line":134,"column":8}},"48":{"start":{"line":105,"column":10},"end":{"line":112,"column":13}},"49":{"start":{"line":115,"column":10},"end":{"line":122,"column":13}},"50":{"start":{"line":125,"column":10},"end":{"line":132,"column":13}},"51":{"start":{"line":136,"column":6},"end":{"line":136,"column":30}},"52":{"start":{"line":138,"column":6},"end":{"line":143,"column":9}},"53":{"start":{"line":139,"column":8},"end":{"line":139,"column":51}},"54":{"start":{"line":140,"column":8},"end":{"line":142,"column":16}},"55":{"start":{"line":141,"column":10},"end":{"line":141,"column":26}},"56":{"start":{"line":145,"column":6},"end":{"line":147,"column":9}},"57":{"start":{"line":146,"column":8},"end":{"line":146,"column":35}},"58":{"start":{"line":152,"column":0},"end":{"line":152,"column":25}}},"branchMap":{"1":{"line":9,"type":"if","locations":[{"start":{"line":9,"column":2},"end":{"line":9,"column":2}},{"start":{"line":9,"column":2},"end":{"line":9,"column":2}}]},"2":{"line":14,"type":"if","locations":[{"start":{"line":14,"column":2},"end":{"line":14,"column":2}},{"start":{"line":14,"column":2},"end":{"line":14,"column":2}}]},"3":{"line":16,"type":"if","locations":[{"start":{"line":16,"column":2},"end":{"line":16,"column":2}},{"start":{"line":16,"column":2},"end":{"line":16,"column":2}}]},"4":{"line":19,"type":"if","locations":[{"start":{"line":19,"column":2},"end":{"line":19,"column":2}},{"start":{"line":19,"column":2},"end":{"line":19,"column":2}}]},"5":{"line":35,"type":"if","locations":[{"start":{"line":35,"column":4},"end":{"line":35,"column":4}},{"start":{"line":35,"column":4},"end":{"line":35,"column":4}}]},"6":{"line":50,"type":"if","locations":[{"start":{"line":50,"column":4},"end":{"line":50,"column":4}},{"start":{"line":50,"column":4},"end":{"line":50,"column":4}}]},"7":{"line":53,"type":"if","locations":[{"start":{"line":53,"column":4},"end":{"line":53,"column":4}},{"start":{"line":53,"column":4},"end":{"line":53,"column":4}}]},"8":{"line":53,"type":"binary-expr","locations":[{"start":{"line":53,"column":8},"end":{"line":53,"column":23}},{"start":{"line":53,"column":27},"end":{"line":53,"column":52}},{"start":{"line":53,"column":56},"end":{"line":53,"column":76}}]},"9":{"line":57,"type":"if","locations":[{"start":{"line":57,"column":4},"end":{"line":57,"column":4}},{"start":{"line":57,"column":4},"end":{"line":57,"column":4}}]},"10":{"line":57,"type":"binary-expr","locations":[{"start":{"line":57,"column":8},"end":{"line":57,"column":23}},{"start":{"line":57,"column":27},"end":{"line":57,"column":52}},{"start":{"line":57,"column":56},"end":{"line":57,"column":80}}]},"11":{"line":63,"type":"if","locations":[{"start":{"line":63,"column":4},"end":{"line":63,"column":4}},{"start":{"line":63,"column":4},"end":{"line":63,"column":4}}]},"12":{"line":63,"type":"binary-expr","locations":[{"start":{"line":63,"column":8},"end":{"line":63,"column":33}},{"start":{"line":63,"column":37},"end":{"line":63,"column":57}}]},"13":{"line":70,"type":"if","locations":[{"start":{"line":70,"column":4},"end":{"line":70,"column":4}},{"start":{"line":70,"column":4},"end":{"line":70,"column":4}}]},"14":{"line":70,"type":"binary-expr","locations":[{"start":{"line":70,"column":8},"end":{"line":70,"column":33}},{"start":{"line":70,"column":37},"end":{"line":70,"column":61}}]},"15":{"line":77,"type":"if","locations":[{"start":{"line":77,"column":2},"end":{"line":77,"column":2}},{"start":{"line":77,"column":2},"end":{"line":77,"column":2}}]},"16":{"line":79,"type":"if","locations":[{"start":{"line":79,"column":2},"end":{"line":79,"column":2}},{"start":{"line":79,"column":2},"end":{"line":79,"column":2}}]},"17":{"line":82,"type":"if","locations":[{"start":{"line":82,"column":2},"end":{"line":82,"column":2}},{"start":{"line":82,"column":2},"end":{"line":82,"column":2}}]},"18":{"line":97,"type":"if","locations":[{"start":{"line":97,"column":4},"end":{"line":97,"column":4}},{"start":{"line":97,"column":4},"end":{"line":97,"column":4}}]},"19":{"line":97,"type":"binary-expr","locations":[{"start":{"line":97,"column":8},"end":{"line":97,"column":13}},{"start":{"line":98,"column":11},"end":{"line":98,"column":34}},{"start":{"line":99,"column":11},"end":{"line":99,"column":41}}]},"20":{"line":102,"type":"if","locations":[{"start":{"line":102,"column":4},"end":{"line":102,"column":4}},{"start":{"line":102,"column":4},"end":{"line":102,"column":4}}]},"21":{"line":139,"type":"binary-expr","locations":[{"start":{"line":139,"column":18},"end":{"line":139,"column":29}},{"start":{"line":139,"column":33},"end":{"line":139,"column":42}},{"start":{"line":139,"column":46},"end":{"line":139,"column":49}}]},"22":{"line":146,"type":"binary-expr","locations":[{"start":{"line":146,"column":11},"end":{"line":146,"column":20}},{"start":{"line":146,"column":24},"end":{"line":146,"column":28}}]}},"code":["var domain    = require('domain');","var debug     = require('debug')('axm:events');","var Common    = require('./common.js');","var Transport = require('./utils/transport.js');","","var Actions = {};","","Actions.action = function(action_name, opts, fn) {","  if (!fn) {","    fn = opts;","    opts = null;","  }","","  if (!action_name)","    return console.error('[PMX] action.action_name is missing');","  if (!fn)","    return console.error('[PMX] emit.data is mission');","","  if (!process.send) {","    debug('Process not running within PM2');","    return false;","  }","","  // Notify the action","  Transport.send({","    type : 'axm:action',","    data : {","      action_name : action_name,","      opts        : opts,","      arity       : fn.length","    }","  });","","  function reply(data) {","    if (data.length) {","      data._length = data.length;","      delete data.length;","    }","","    Transport.send({","      type        : 'axm:reply',","      data        : {","        return      : data,","        action_name : action_name","      }","    });","  }","","  process.on('message', function(data) {","    if (!data) return false;","","    // In case 2 arguments has been set but no options has been transmitted","    if (fn.length === 2 && typeof(data) === 'string' && data === action_name)","      return fn({}, reply);","","    // In case 1 arguments has been set but options has been transmitted","    if (fn.length === 1 && typeof(data) === 'object' && data.msg === action_name)","      return fn(reply);","","    /**","     * Classical call","     */","    if (typeof(data) === 'string' && data === action_name)","      return fn(reply);","","    /**","     * If data is an object == v2 protocol","     * Pass the opts as fi
[...]
"47":0,"48":0,"49":0,"50":0,"51":1},"b":{"1":[0,0],"2":[0,0],"3":[0,0],"4":[0,0],"5":[0,0],"6":[0,0],"7":[0,0],"8":[0,0],"9":[0,0],"10":[0,0],"11":[0,0],"12":[0,0],"13":[0,0],"14":[0,0]},"f":{"1":0,"2":0,"3":0,"4":0,"5":0,"6":0,"7":0,"8":0,"9":0},"fnMap":{"1":{"name":"dataChecker","line":18,"loc":{"start":{"line":18,"column":0},"end":{"line":18,"column":27}}},"2":{"name":"(anonymous_2)","line":54,"loc":{"start":{"line":54,"column":16},"end":{"line":54,"column":27}}},"3":{"name":"(anonymous_3)","line":62,"loc":{"start":{"line":62,"column":16},"end":{"line":62,"column":27}}},"4":{"name":"(anonymous_4)","line":71,"loc":{"start":{"line":71,"column":13},"end":{"line":71,"column":24}}},"5":{"name":"(anonymous_5)","line":78,"loc":{"start":{"line":78,"column":34},"end":{"line":78,"column":45}}},"6":{"name":"(anonymous_6)","line":83,"loc":{"start":{"line":83,"column":34},"end":{"line":83,"column":45}}},"7":{"name":"(anonymous_7)","line":87,"loc":{"start":{"line":87,"column":29},"end":{"line":87,"column":40}}},"8":{"name":"(anonymous_8)","line":91,"loc":{"start":{"line":91,"column":30},"end":{"line":91,"column":41}}},"9":{"name":"(anonymous_9)","line":96,"loc":{"start":{"line":96,"column":37},"end":{"line":96,"column":48}}}},"statementMap":{"1":{"start":{"line":2,"column":0},"end":{"line":2,"column":39}},"2":{"start":{"line":3,"column":0},"end":{"line":3,"column":49}},"3":{"start":{"line":4,"column":0},"end":{"line":4,"column":54}},"4":{"start":{"line":18,"column":0},"end":{"line":75,"column":1}},"5":{"start":{"line":19,"column":2},"end":{"line":19,"column":18}},"6":{"start":{"line":20,"column":2},"end":{"line":20,"column":20}},"7":{"start":{"line":22,"column":2},"end":{"line":22,"column":20}},"8":{"start":{"line":24,"column":2},"end":{"line":25,"column":61}},"9":{"start":{"line":25,"column":4},"end":{"line":25,"column":61}},"10":{"start":{"line":27,"column":2},"end":{"line":27,"column":31}},"11":{"start":{"line":29,"column":2},"end":{"line":29,"column":26}},"12":{"start":{"line":30,"column":2},"end":{"line":30,"column":38}},"13":{"start":{"line":31,"column":2},"end":{"line":31,"column":30}},"14":{"start":{"line":32,"column":2},"end":{"line":32,"column":35}},"15":{"start":{"line":33,"column":2},"end":{"line":33,"column":32}},"16":{"start":{"line":34,"column":2},"end":{"line":34,"column":41}},"17":{"start":{"line":35,"column":2},"end":{"line":35,"column":36}},"18":{"start":{"line":36,"column":2},"end":{"line":36,"column":40}},"19":{"start":{"line":41,"column":2},"end":{"line":44,"column":3}},"20":{"start":{"line":45,"column":2},"end":{"line":45,"column":40}},"21":{"start":{"line":50,"column":2},"end":{"line":67,"column":3}},"22":{"start":{"line":51,"column":4},"end":{"line":58,"column":5}},"23":{"start":{"line":52,"column":6},"end":{"line":57,"column":9}},"24":{"start":{"line":55,"column":10},"end":{"line":55,"column":33}},"25":{"start":{"line":59,"column":4},"end":{"line":66,"column":5}},"26":{"start":{"line":60,"column":6},"end":{"line":65,"column":9}},"27":{"start":{"line":63,"column":10},"end":{"line":63,"column":42}},"28":{"start":{"line":71,"column":2},"end":{"line":73,"column":19}},"29":{"start":{"line":72,"column":4},"end":{"line":72,"column":27}},"30":{"start":{"line":74,"column":2},"end":{"line":74,"column":15}},"31":{"start":{"line":78,"column":0},"end":{"line":80,"column":1}},"32":{"start":{"line":79,"column":2},"end":{"line":79,"column":95}},"33":{"start":{"line":83,"column":0},"end":{"line":85,"column":1}},"34":{"start":{"line":84,"column":2},"end":{"line":84,"column":120}},"35":{"start":{"line":87,"column":0},"end":{"line":89,"column":2}},"36":{"start":{"line":88,"column":2},"end":{"line":88,"column":38}},"37":{"start":{"line":91,"column":0},"end":{"line":117,"column":2}},"38":{"start":{"line":92,"column":2},"end":{"line":92,"column":18}},"39":{"start":{"line":94,"column":2},"end":{"line":94,"column":27}},"40":{"start":{"line":96,"column":2},"end":{"line":114,"column":18}},"41":{"start":{"line":97,"column":4},"end":{"line":97,"column":44}},"42":{"start":{"line":99,"column":4},"end":{"line":99,"column":96}},"43":{"start":{"line":101,"column":4},"end":{"line":113,"column":24}},"44":{"start":{"line":102,"column":6},"end":{"line":102,"column":22}},"45":{"start":{"line":106,"column":6},"end":{"line":110,"column":7}},"46":{"start":{"line":107,"column":8},"end":{"line":107,"column":77}},"47":{"start":{"line":108,"column":8},"end":{"line":108,"column":25}},"48":{"start":{"line":109,"column":8},"end":{"line":109,"column":25}},"49":{"start":{"line":113,"column":6},"end":{"line":113,"column":24}},"50":{"start":{"line":116,"column":2},"end":{"line":116,"column":31}},"51":{"start":{"line":119,"column":0},"end":{"line":119,"column":29}}},"branchMap":{"1":{"line":22,"type":"binary-expr","locations":[{"start":{"line":22,"column":9},"end":{"line":22,"column":13}},{"start":{"line":22,"column":17},"end":{"line":22,"column":19}}]},"2":{"line":24,"type":"if","locations":[{"start":{"line":24,"column":2},"end":{"line":24,"column":2}},{"start":{"line":24,"column":2},"end":{"line":24,"column":2}}]},"3":{"line":30,"type":"binary-expr","locations":[{"start":{"line":30,"column":17},"end":{"line":30,"column":28}},{"start":{"line":30,"column":32},"end":{"line":30,"column":37}}]},"4":{"line":31,"type":"binary-expr","locations":[{"start":{"line":31,"column":15},"end":{"line":31,"column":24}},{"start":{"line":31,"column":28},"end":{"line":31,"column":29}}]},"5":{"line":32,"type":"binary-expr","locations":[{"start":{"line":32,"column":16},"end":{"line":32,"column":26}},{"start":{"line":32,"column":30},"end":{"line":32,"column":34}}]},"6":{"line":33,"type":"binary-expr","locations":[{"start":{"line":33,"column":16},"end":{"line":33,"column":24}},{"start":{"line":33,"column":28},"end":{"line":33,"column":31}}]},"7":{"line":34,"type":"binary-expr","locations":[{"start":{"line":34,"column":19},"end":{"line":34,"column":32}},{"start":{"line":34,"column":36},"end":{"line":34,"column":40}}]},"8":{"line":36,"type":"binary-expr","locations":[{"start":{"line":36,"column":18},"end":{"line":36,"column":30}},{"start":{"line":36,"column":34},"end":{"line":36,"column":39}}]},"9":{"line":50,"type":"if","locations":[{"start":{"line":50,"column":2},"end":{"line":50,"column":2}},{"start":{"line":50,"column":2},"end":{"line":50,"column":2}}]},"10":{"line":51,"type":"if","locations":[{"start":{"line":51,"column":4},"end":{"line":51,"column":4}},{"start":{"line":51,"column":4},"end":{"line":51,"column":4}}]},"11":{"line":59,"type":"if","locations":[{"start":{"line":59,"column":4},"end":{"line":59,"column":4}},{"start":{"line":59,"column":4},"end":{"line":59,"column":4}}]},"12":{"line":101,"type":"if","locations":[{"start":{"line":101,"column":4},"end":{"line":101,"column":4}},{"start":{"line":101,"column":4},"end":{"line":101,"column":4}}]},"13":{"line":101,"type":"binary-expr","locations":[{"start":{"line":101,"column":8},"end":{"line":101,"column":32}},{"start":{"line":101,"column":36},"end":{"line":101,"column":62}}]},"14":{"line":106,"type":"if","locations":[{"start":{"line":106,"column":6},"end":{"line":106,"column":6}},{"start":{"line":106,"column":6},"end":{"line":106,"column":6}}]}},"code":["","var probe     = require('../Probe.js');","var Histogram = require('./probes/Histogram.js');","var debug     = require('debug')('axm:smart:checker');",""," /**","  * new smart({","  *   refresh   : function,   Returns monitored value","  *   callback  : function,   Called when error is detected","  *   dev       : 0.2,        Deviation that triggers the error","  *   timer     : 100<ms>,    Value refresh interval","  *   launch    : 10000<ms>,  Timelength after which monitoring begins","  *   ceil      : 5           Number of times an error is detected before triggering callback","  *   calcDEv   : mean        How to compute the deviation","  * });","  */","","function dataChecker(opts) {","  var self = this;","  this._counter = 0;","","  opts = opts || {};","","  if (typeof(opts.refresh) !== 'function')","    throw new Error('Refresh not defined or not a function');","","  this._refresh = opts.refresh;","","  this._monitored = false;","  this._launch = opts.launch || 10000;","  this._ceil = opts.ceil || 5;","  this._timer = opts.timer || 1000;","  this._dev   = opts.dev || 0.2;","  this._callback = opts.callback || null;","  this._histogram = new Histogram();","  this._calcDev = opts.calcDev || 'ema';","","  /*","   * Select function to compute deviation","   */","  var func = {","    ema    : this.normalDev,","    mean   : this.medianDev","  }","  this.computeDev = func[this._calcDev];","","  /**","   * Display some probe if we need to debug","   */","  if (opts.debug === true) {","    if (opts.probes.indexOf('val') != -1) {","      this._metric2 = new probe.metric({","        name  : 'Value',","        value : function() {","          return self._refresh();","        }","      });","    }","    if (opts.probes.indexOf('ema') != -1) {","      this._metric3 = new probe.metric({","        name  : 'EMA',","        value : function() {","          return self._histogram.getEma();","        }","      });","    }","  }","  /**","    * Delay before monitoring starts","    */","  setTimeout(function() {","    self._monitored = true;","  }, this._launch);","  this.start();","};","","//Calculate deviation of current value compared to EMA","dataChecker.prototype.normalDev = function() {","  return ((this._refresh() - this._histogram.getEma()) / this._histogram.getEma() > this._dev);","}","","//Calculate deviation of current EMA compared to Mean","dataChecker.prototype.medianDev = function() {","  return ((this._histogram.getEma() - this._histogram._calculateMean()) / this._histogram._calculateMean() > this._dev);","}","","dataChecker.prototype.stop = function() {","  clearInterval(this._interval_timer);","};","","dataChecker.prototype.start = function() {","  var self = this;","","  debug('Checker started');","","  this._interval_timer = setInterval(function() {","    self._histogram.update(self._refresh());","","    debug('Check', self._refresh(), self._histogram._calculateMean(), self._histogram.getEma());","","    if (self._monitored === true && self.computeDev() === true) {","      self._counter++;","      /**","        * Triggers callback after N consecutive errors, then resets the counter","        */","      if (self._counter >= self._ceil) {","        debug('Anomaly detected', self._histogram.getEma(), self._refresh());","        self._callback();","        self.counter = 0;","      }","    }","    else","      self._counter = 0;","  }, self._timer);","","  this._interval_timer.unref();","};","","module.exports = dataChecker;",""],"l":{"2":1,"3":1,"4":1,"18":1,"19":0,"20":0,"22":0,"24":0,"25":0,"27":0,"29":0,"30":0,"31":0,"32":0,"33":0,"34":0,"35":0,"36":0,"41":0,"45":0,"50":0,"51":0,"52":0,"55":0,"59":0,"60":0,"63":0,"71":0,"72":0,"74":0,"78":1,"79":0,"83":1,"84":0,"87":1,"88":0,"91":1,"92":0,"94":0,"96":0,"97":0,"99":0,"101":0,"102":0,"106":0,"107":0,"108":0,"109":0,"113":0,"116":0,"119":1}},"/home/travis/build/npmtest/node-npmtest-pmx/node_modules/pmx/lib/utils/fixedQueue.js":{"path":"/home/travis/build/npmtest/node-npmtest-pmx/node_modules/pmx/lib/utils/fixedQueue.js","s":{"1":1,"2":0,"3":0,"4":0,"5":0,"6":0,"7":0,"8":0,"9":0,"10":1,"11":0,"12":0,"13":0,"14":1,"15":0,"16":0,"17":0,"18":1,"19":3,"20":0,"21":0,"22":0,"23":0,"24":3,"25":1,"26":1,"27":1},"b":{"1":[0,0],"2":[0,0],"3":[0,0]},"f":{"1":0,"2":0,"3":0,"4":3,"5":0},"fnMap":{"1":{"name":"FixedQueue","line":1,"loc":{"start":{"line":1,"column":0},"end":{"line":1,"column":42}}},"2":{"name":"(anonymous_2)","line":32,"loc":{"start":{"line":32,"column":22},"end":{"line":32,"column":32}}},"3":{"name":"(anonymous_3)","line":54,"loc":{"start":{"line":54,"column":22},"end":{"line":54,"column":32}}},"4":{"name":"(anonymous_4)","line":76,"loc":{"start":{"line":76,"column":24},"end":{"line":76,"column":58}}},"5":{"name":"(anonymous_5)","line":79,"loc":{"start":{"line":79,"column":16},"end":{"line":79,"column":26}}}},"statementMap":{"1":{"start":{"line":1,"column":0},"end":{"line":27,"column":1}},"2":{"start":{"line":6,"column":2},"end":{"line":6,"column":40}},"3":{"start":{"line":9,"column":2},"end":{"line":9,"column":49}},"4":{"start":{"line":12,"column":2},"end":{"line":12,"column":25}},"5":{"start":{"line":17,"column":2},"end":{"line":17,"column":31}},"6":{"start":{"line":18,"column":2},"end":{"line":18,"column":35}},"7":{"start":{"line":19,"column":2},"end":{"line":19,"column":37}},"8":{"start":{"line":22,"column":2},"end":{"line":22,"column":36}},"9":{"start":{"line":25,"column":2},"end":{"line":25,"column":18}},"10":{"start":{"line":32,"column":0},"end":{"line":49,"column":2}},"11":{"start":{"line":35,"column":2},"end":{"line":40,"column":3}},"12":{"start":{"line":38,"column":4},"end":{"line":38,"column":11}},"13":{"start":{"line":43,"column":2},"end":{"line":47,"column":4}},"14":{"start":{"line":54,"column":0},"end":{"line":71,"column":2}},"15":{"start":{"line":57,"column":2},"end":{"line":62,"column":3}},"16":{"start":{"line":60,"column":4},"end":{"line":60,"column":11}},"17":{"start":{"line":65,"column":2},"end":{"line":69,"column":4}},"18":{"start":{"line":76,"column":0},"end":{"line":98,"column":2}},"19":{"start":{"line":79,"column":2},"end":{"line":93,"column":4}},"20":{"start":{"line":82,"column":4},"end":{"line":82,"column":47}},"21":{"start":{"line":85,"column":4},"end":{"line":85,"column":49}},"22":{"start":{"line":88,"column":4},"end":{"line":88,"column":28}},"23":{"start":{"line":91,"column":4},"end":{"line":91,"column":21}},"24":{"start":{"line":96,"column":2},"end":{"line":96,"column":20}},"25":{"start":{"line":102,"column":0},"end":{"line":105,"column":2}},"26":{"start":{"line":107,"column":0},"end":{"line":110,"column":2}},"27":{"start":{"line":112,"column":0},"end":{"line":115,"column":2}}},"branchMap":{"1":{"line":6,"type":"binary-expr","locations":[{"start":{"line":6,"column":19},"end":{"line":6,"column":32}},{"start":{"line":6,"column":36},"end":{"line":6,"column":38}}]},"2":{"line":35,"type":"if","locations":[{"start":{"line":35,"column":2},"end":{"line":35,"column":2}},{"start":{"line":35,"column":2},"end":{"line":35,"column":2}}]},"3":{"line":57,"type":"if","locations":[{"start":{"line":57,"column":2},"end":{"line":57,"column":2}},{"start":{"line":57,"column":2},"end":{"line":57,"column":2}}]}},"code":["function FixedQueue( size, initialValues ){","","  // If there are no initial arguments, default it to","  // an empty value so we can call the constructor in","  // a uniform way.","  initialValues = (initialValues || []);","","  // Create the fixed queue array value.","  var queue = Array.apply( null, initialValues );","","  // Store the fixed size in the queue.","  queue.fixedSize = size;","","  // Add the class methods to the queue. Some of these have","  // to override the native Array methods in order to make","  // sure the queue lenght is maintained.","  queue.push = FixedQueue.push;","  queue.splice = FixedQueue.splice;","  queue.unshift = FixedQueue.unshift;","","  // Trim any initial excess from the queue.","  FixedQueue.trimTail.call( queue );","","  // Return the new queue.","  return( queue );","","}","","","// I trim the queue down to the appropriate size, removing","// items from the beginning of the internal array.","FixedQueue.trimHead = function(){","","  // Check to see if any trimming needs to be performed.","  if (this.length <= this.fixedSize){","","    // No trimming, return out.","    return;","","  }","","  // Trim whatever is beyond the fixed size.","  Array.prototype.splice.call(","    this,","    0,","    (this.length - this.fixedSize)","  );","","};","","","// I trim the queue down to the appropriate size, removing","// items from the end of the internal array.","FixedQueue.trimTail = function(){","","  // Check to see if any trimming needs to be performed.","  if (this.length <= this.fixedSize){","","    // No trimming, return out.","    return;","","  }","","  // Trim whatever is beyond the fixed size.","  Array.prototype.splice.call(","    this,","    this.fixedSize,","    (this.length - this.fixedSize)","  );","","};","","","// I synthesize wrapper methods that call the native Array","// methods followed by a trimming method.","FixedQueue.wrapMethod = function( methodName, trimMethod ){","","  // Create a wrapper that calls the given method.","  var wrapper = function(){","","    // Get the native Array method.","    var method = Array.prototype[ methodName ];","","    // Call the native method first.","    var result = method.apply( this, arguments );","","    // Trim the queue now that it's been augmented.","    trimMethod.call( this );","","    // Return the original value.","    return( result );","","  };","","  // Return the wrapper method.","  return( wrapper );","","};","","","// Wrap the native methods.","FixedQueue.push = FixedQueue.wrapMethod(","  \"push\",","  FixedQueue.trimHead",");","","FixedQueue.splice = FixedQueue.wrapMethod(","  \"splice\",","  FixedQueue.trimTail",");","","FixedQueue.unshift = FixedQueue.wrapMethod(","  \"unshift\",","  FixedQueue.trimTail",");",""],"l":{"1":1,"6":0,"9":0,"12":0,"17":0,"18":0,"19":0,"22":0,"25":0,"32":1,"35":0,"38":0,"43":0,"54":1,"57":0,"60":0,"65":0,"76":1,"79":3,"82":0,"85":0,"88":0,"91":0,"96":3,"102":1,"107":1,"112":1}},"/home/travis/build/npmtest/node-npmtest-pmx/node_modules/pmx/lib/utils/error-callsites/node-0.10-formatter.js":{"path":"/home/travis/build/npmtest/node-npmtest-pmx/node_modules/pmx/lib/utils/error-callsites/node-0.10-formatter.js","s":{"1":1,"2":0,"3":0,"4":0,"5":0,"6":0,"7":0,"8":0,"9":0,"10":0,"11":0,"12":0,"13":0,"14":0,"15":0,"16":0,"17":0},"b":{},"f":{"1":0},"fnMap":{"1":{"name":"FormatStackTrace","line":5,"loc":{"start":{"line":5,"column":17},"end":{"line":5,"column":59}}}},"statementMap":{"1":{"start":{"line":5,"column":0},"end":{"line":32,"column":1}},"2":{"start":{"line":6,"column":2},"end":{"line":6,"column":16}},"3":{"start":{"line":7,"column":2},"end":{"line":15,"column":3}},"4":{"start":{"line":8,"column":4},"end":{"line":8,"column":32}},"5":{"start":{"line":10,"column":4},"end":{"line":14,"column":5}},"6":{"start":{"line":11,"column":6},"end":{"line":11,"column":38}},"7":{"start":{"line":13,"column":6},"end":{"line":13,"column":27}},"8":{"start":{"line":16,"column":2},"end":{"line":30,"column":3}},"9":{"start":{"line":17,"column":4},"end":{"line":17,"column":25}},"10":{"start":{"line":18,"column":4},"end":{"line":18,"column":12}},"11":{"start":{"line":19,"column":4},"end":{"line":28,"column":5}},"12":{"start":{"line":20,"column":6},"end":{"line":20,"column":29}},"13":{"start":{"line":22,"column":6},"end":{"line":27,"column":7}},"14":{"start":{"line":23,"column":8},"end":{"line":23,"column":35}},"15":{"start":{"line":26,"column":8},"end":{"line":26,"column":24}},"16":{"start":{"line":29,"column":4},"end":{"line":29,"column":32}},"17":{"start":{"line":31,"column":2},"end":{"line":31,"column":25}}},"branchMap":{},"code":["'use strict'","","// Lifted from Node.js 0.10.40:","// https://github.com/nodejs/node/blob/0439a28d519fb6efe228074b0588a59452fc1677/deps/v8/src/messages.js#L1053-L1080","module.exports = function FormatStackTrace (error, frames) {","  var lines = []","  try {","    lines.push(error.toString())","  } catch (e) {","    try {","      lines.push('<error: ' + e + '>')","    } catch (ee) {","      lines.push('<error>')","    }","  }","  for (var i = 0; i < frames.length; i++) {","    var frame = frames[i]","    var line","    try {","      line = frame.toString()","    } catch (e) {","      try {","        line = '<error: ' + e + '>'","      } catch (ee) {","        // Any code that reaches this point is seriously nasty!","        line = '<error>'","      }","    }","    lines.push('    at ' + line)","  }","  return lines.join('\\n')","}",""],"l":{"5":1,"6":0,"7":0,"8":0,"10":0,"11":0,"13":0,"16":0,"17":0,"18":0,"19":0,"20":0,"22":0,"23":0,"26":0,"29":0,"31":0}}}